[2024-10-15 03:04:17] Reflect net invokables: 31ms
[2024-10-15 03:04:17] Unturned overriding Steam AppId with "304930"
[2024-10-15 03:04:17] Game version: 3.24.5.1 Engine version: 2021.3.29f1
[2024-10-15 03:04:17] Executing 5 potential game command(s) from the command-line:
[2024-10-15 03:04:17] Did not match "nographics" with any commands
[2024-10-15 03:04:17] Did not match "batchmode" with any commands
[2024-10-15 03:04:17] Successfully bound IP to 170.39.215.177!
[2024-10-15 03:04:17] Successfully set port to 27215!
[2024-10-15 03:04:17] Successfully set max players to 30!
[2024-10-15 03:04:17] Successfully bound IP to 170.39.215.177!
[2024-10-15 03:04:17] Successfully set port to 27215!
[2024-10-15 03:04:17] Successfully set name to Washington Vanilla+!
[2024-10-15 03:04:17] Successfully set welcome message to Join the server's Discord from the main menu OR via the code: stFTkkrr!
[2024-10-15 03:04:17] Successfully set chatrate to 0!
[2024-10-15 03:04:17] Successfully set cycle to 2880!
[2024-10-15 03:04:17] Successfully set map to Washington!
[2024-10-15 03:04:17] Successfully set gamemode to normal!
[2024-10-15 03:04:17] Successfully set owner to 76561198075897932!
[2024-10-15 03:04:17] Successfully disabled password!
[2024-10-15 03:04:17] Successfully set perspective to both!
[2024-10-15 03:04:17] Successfully set queue size to 5!
[2024-10-15 03:04:17] Successfully set timeout to 500!
[2024-10-15 03:04:17] Successfully set log!
[2024-10-15 03:04:17] Successfully hid admins.
[2024-10-15 03:04:17] Successfully set voting configuration!
[2024-10-15 03:04:17] Platform: WindowsServer
[2024-10-15 03:04:17] Operating System: Windows 10  (10.0.20348) 64bit
[2024-10-15 03:04:17] System Memory: 130996MB
[2024-10-15 03:04:17] Vanilla Built-in Assets added asset search location "D:\TCAFiles\Users\codyl1\8557299\Bundles"
[2024-10-15 03:04:17] Server Common (Legacy) added asset search location "D:\TCAFiles\Users\codyl1\8557299\Bundles\Workshop\Content"
[2024-10-15 03:04:17] Per-Server (Legacy) added asset search location "D:\TCAFiles\Users\codyl1\8557299\Servers\Saved\Workshop\Content"
[2024-10-15 03:04:17] Per-Server (Legacy) added asset search location "D:\TCAFiles\Users\codyl1\8557299\Servers\Saved\Bundles"
[2024-10-15 03:04:17] Discovered level "Alpha Valley" at "D:\TCAFiles\Users\codyl1\8557299\Maps\Alpha Valley"
[2024-10-15 03:04:17] Discovered level "Destruction" at "D:\TCAFiles\Users\codyl1\8557299\Maps\Destruction"
[2024-10-15 03:04:17] Discovered level "Germany" at "D:\TCAFiles\Users\codyl1\8557299\Maps\Germany"
[2024-10-15 03:04:17] Discovered level "Monolith" at "D:\TCAFiles\Users\codyl1\8557299\Maps\Monolith"
[2024-10-15 03:04:17] Discovered level "Paintball_Arena_0" at "D:\TCAFiles\Users\codyl1\8557299\Maps\Paintball_Arena_0"
[2024-10-15 03:04:17] Discovered level "PEI" at "D:\TCAFiles\Users\codyl1\8557299\Maps\PEI"
[2024-10-15 03:04:17] Discovered level "Russia" at "D:\TCAFiles\Users\codyl1\8557299\Maps\Russia"
[2024-10-15 03:04:17] Discovered level "Tutorial" at "D:\TCAFiles\Users\codyl1\8557299\Maps\Tutorial"
[2024-10-15 03:04:17] Discovered level "Washington" at "D:\TCAFiles\Users\codyl1\8557299\Maps\Washington"
[2024-10-15 03:04:17] Discovered level "Yukon" at "D:\TCAFiles\Users\codyl1\8557299\Maps\Yukon"
[2024-10-15 03:04:18] Searched 3 of 4 locations and found 777 asset files...
[2024-10-15 03:04:18] Read 0 of 777 asset file contents into memory...
[2024-10-15 03:04:18] Loaded 0 of 777 assets...
[2024-10-15 03:04:18] Searched 3 of 4 locations and found 1562 asset files...
[2024-10-15 03:04:18] Read 0 of 1562 asset file contents into memory...
[2024-10-15 03:04:18] Loaded 0 of 1562 assets...
[2024-10-15 03:04:18] Searched 3 of 4 locations and found 2391 asset files...
[2024-10-15 03:04:18] Read 0 of 2391 asset file contents into memory...
[2024-10-15 03:04:18] Loaded 0 of 2391 assets...
[2024-10-15 03:04:18] Searched 3 of 4 locations and found 3192 asset files...
[2024-10-15 03:04:18] Read 0 of 3192 asset file contents into memory...
[2024-10-15 03:04:18] Loaded 0 of 3192 assets...
[2024-10-15 03:04:18] Searched 3 of 4 locations and found 4185 asset files...
[2024-10-15 03:04:18] Read 0 of 4185 asset file contents into memory...
[2024-10-15 03:04:18] Loaded 0 of 4185 assets...
[2024-10-15 03:04:18] Searched 3 of 4 locations and found 5042 asset files...
[2024-10-15 03:04:18] Read 0 of 5042 asset file contents into memory...
[2024-10-15 03:04:18] Loaded 0 of 5042 assets...
[2024-10-15 03:04:18] Searched 4 of 4 locations and found 5467 asset files...
[2024-10-15 03:04:18] Read 0 of 5467 asset file contents into memory...
[2024-10-15 03:04:18] Loaded 0 of 5467 assets...
[2024-10-15 03:04:18] Loading asset bundle "core.masterbundle" from "D:\TCAFiles\Users\codyl1\8557299\Bundles"...
[2024-10-15 03:04:18] Loaded 0 of 1 asset bundles...
[2024-10-15 03:04:18] Read 178 of 5467 asset file contents into memory...
[2024-10-15 03:04:18] Read 375 of 5467 asset file contents into memory...
[2024-10-15 03:04:18] Read 594 of 5467 asset file contents into memory...
[2024-10-15 03:04:18] Read 746 of 5467 asset file contents into memory...
[2024-10-15 03:04:18] Read 944 of 5467 asset file contents into memory...
[2024-10-15 03:04:19] Read 1141 of 5467 asset file contents into memory...
[2024-10-15 03:04:19] Read 1295 of 5467 asset file contents into memory...
[2024-10-15 03:04:19] Read 1494 of 5467 asset file contents into memory...
[2024-10-15 03:04:19] Read 1687 of 5467 asset file contents into memory...
[2024-10-15 03:04:19] Read 1909 of 5467 asset file contents into memory...
[2024-10-15 03:04:19] Read 2092 of 5467 asset file contents into memory...
[2024-10-15 03:04:19] Read 2261 of 5467 asset file contents into memory...
[2024-10-15 03:04:19] Read 2418 of 5467 asset file contents into memory...
[2024-10-15 03:04:19] Read 2681 of 5467 asset file contents into memory...
[2024-10-15 03:04:19] Read 2951 of 5467 asset file contents into memory...
[2024-10-15 03:04:19] Read 3217 of 5467 asset file contents into memory...
[2024-10-15 03:04:19] Read 3482 of 5467 asset file contents into memory...
[2024-10-15 03:04:19] Read 3747 of 5467 asset file contents into memory...
[2024-10-15 03:04:19] Read 3989 of 5467 asset file contents into memory...
[2024-10-15 03:04:19] Read 4214 of 5467 asset file contents into memory...
[2024-10-15 03:04:19] Read 4360 of 5467 asset file contents into memory...
[2024-10-15 03:04:19] Read 4515 of 5467 asset file contents into memory...
[2024-10-15 03:04:19] Read 4677 of 5467 asset file contents into memory...
[2024-10-15 03:04:19] Read 4842 of 5467 asset file contents into memory...
[2024-10-15 03:04:19] Read 4989 of 5467 asset file contents into memory...
[2024-10-15 03:04:20] Read 5155 of 5467 asset file contents into memory...
[2024-10-15 03:04:20] Read 5314 of 5467 asset file contents into memory...
[2024-10-15 03:04:20] Read 5467 of 5467 asset file contents into memory...
[2024-10-15 03:04:25] Loading asset bundle "core.masterbundle" from "D:\TCAFiles\Users\codyl1\8557299\Bundles" took 6.6349999s
[2024-10-15 03:04:25] Loaded 1 of 1 asset bundles...
[2024-10-15 03:04:25] Loaded 5 of 5467 assets...
[2024-10-15 03:04:25] Loaded 159 of 5467 assets...
[2024-10-15 03:04:25] Loaded 190 of 5467 assets...
[2024-10-15 03:04:25] Loaded 208 of 5467 assets...
[2024-10-15 03:04:25] Loaded 368 of 5467 assets...
[2024-10-15 03:04:25] Loaded 432 of 5467 assets...
[2024-10-15 03:04:25] Loaded 580 of 5467 assets...
[2024-10-15 03:04:25] Loaded 637 of 5467 assets...
[2024-10-15 03:04:25] Loaded 675 of 5467 assets...
[2024-10-15 03:04:25] Loaded 719 of 5467 assets...
[2024-10-15 03:04:26] Loaded 766 of 5467 assets...
[2024-10-15 03:04:26] Loaded 822 of 5467 assets...
[2024-10-15 03:04:26] Loaded 1149 of 5467 assets...
[2024-10-15 03:04:26] Loaded 1171 of 5467 assets...
[2024-10-15 03:04:26] Loaded 1196 of 5467 assets...
[2024-10-15 03:04:26] Loaded 1467 of 5467 assets...
[2024-10-15 03:04:26] Loaded 1595 of 5467 assets...
[2024-10-15 03:04:26] Loaded 1937 of 5467 assets...
[2024-10-15 03:04:26] Loaded 2071 of 5467 assets...
[2024-10-15 03:04:26] Loaded 2171 of 5467 assets...
[2024-10-15 03:04:26] Loaded 2355 of 5467 assets...
[2024-10-15 03:04:26] Loaded 4553 of 5467 assets...
[2024-10-15 03:04:26] Loaded 5467 of 5467 assets...
[2024-10-15 03:04:26] Linking blueprints...
[2024-10-15 03:04:26] Linking spawns...
[2024-10-15 03:04:26] Loading miscellaneous...
[2024-10-15 03:04:26] Loading all assets took 8.761749s
[2024-10-15 03:04:26] Loading BattlEye server library from: D:\TCAFiles\Users\codyl1\8557299/BattlEye/BEServer_x64.dll
[2024-10-15 03:04:26] BattlEye Print: Initialized (v1.218)
[2024-10-15 03:04:26] Using login token
[2024-10-15 03:04:26] Initializing ServerTransport_SteamNetworkingSockets
[2024-10-15 03:04:26] Server listen socket bound to 170.39.215.177:27216
[2024-10-15 03:04:26] Server P2P listen socket: 196610
[2024-10-15 03:04:26] Waiting for Steam servers...
[2024-10-15 03:04:26] Readiness to participate in authenticated communications changed to k_ESteamNetworkingAvailability_Waiting "Waiting for Steam login"
[2024-10-15 03:04:27] Steam servers ready!
[2024-10-15 03:04:27] Workshop install folder: D:\TCAFiles\Users\codyl1\8557299/Servers/Saved/Workshop/Steam
[2024-10-15 03:04:27] 0 workshop item(s) requested
[2024-10-15 03:04:27] Link spawns: 0 children, 826 sorted/normalized and 749 parents
[2024-10-15 03:04:27] Adding 5467 asset(s) from origin Vanilla Built-in Assets to server mapping
[2024-10-15 03:04:27] Server registered 41 Unity physics material names with 24 unique IDs (5 bits)
[2024-10-15 03:04:27] Survival
[2024-10-15 03:04:27] No workshop items to monitor for updates
[2024-10-15 03:04:27] Readiness to participate in authenticated communications changed to k_ESteamNetworkingAvailability_Attempting "Requesting cert"
[2024-10-15 03:04:27] Loading level: 5%
[2024-10-15 03:04:27] Readiness to participate in authenticated communications changed to k_ESteamNetworkingAvailability_Current "OK"
[2024-10-15 03:04:28] Loading level: 10%
[2024-10-15 03:04:28] Loading level: 15%
[2024-10-15 03:04:28] Loading level: 21%
[2024-10-15 03:04:28] Loading level: 26%
[2024-10-15 03:04:28] Loading level: 31%
[2024-10-15 03:04:28] Loading level: 36%
[2024-10-15 03:04:28] Loading level: 42%
[2024-10-15 03:04:28] Loading level: 47%
[2024-10-15 03:04:28] Loading level: 52%
[2024-10-15 03:04:28] Loading level: 57%
[2024-10-15 03:04:28] Loading level: 63%
[2024-10-15 03:04:28] Found 4096 foliage v2 tiles
[2024-10-15 03:04:28] Found 4 foliage used assets in header
[2024-10-15 03:04:28] Loading 16 landscape tiles
[2024-10-15 03:04:30] Loading level: 68%
[2024-10-15 03:04:30] Auto converting legacy volumes
[2024-10-15 03:04:30] Auto converting legacy nodes
[2024-10-15 03:04:30] Loading level: 73%
[2024-10-15 03:04:30] Loading level: 89%
[2024-10-15 03:04:30] Loading level: 94%
[2024-10-15 03:04:30] BoxColliders does not support negative scale or size.
The effective box size has been forced positive and is likely to give unexpected collision geometry.
If you absolutely need to use negative scaling you can use the convex MeshCollider. Scene hierarchy path "1408/Root/Skeleton/Left_Hip/Left_Leg"
[2024-10-15 03:04:30] BoxColliders does not support negative scale or size.
The effective box size has been forced positive and is likely to give unexpected collision geometry.
If you absolutely need to use negative scaling you can use the convex MeshCollider. Scene hierarchy path "1408/Root/Skeleton/Right_Hip/Right_Leg"
[2024-10-15 03:04:30] BoxColliders does not support negative scale or size.
The effective box size has been forced positive and is likely to give unexpected collision geometry.
If you absolutely need to use negative scaling you can use the convex MeshCollider. Scene hierarchy path "1408/Root/Skeleton/Spine"
[2024-10-15 03:04:30] BoxColliders does not support negative scale or size.
The effective box size has been forced positive and is likely to give unexpected collision geometry.
If you absolutely need to use negative scaling you can use the convex MeshCollider. Scene hierarchy path "1408/Root/Skeleton/Spine/Left_Shoulder/Left_Arm"
[2024-10-15 03:04:30] BoxColliders does not support negative scale or size.
The effective box size has been forced positive and is likely to give unexpected collision geometry.
If you absolutely need to use negative scaling you can use the convex MeshCollider. Scene hierarchy path "1408/Root/Skeleton/Spine/Right_Shoulder/Right_Arm"
[2024-10-15 03:04:30] BoxColliders does not support negative scale or size.
The effective box size has been forced positive and is likely to give unexpected collision geometry.
If you absolutely need to use negative scaling you can use the convex MeshCollider. Scene hierarchy path "1408/Root/Skeleton/Spine/Skull"
[2024-10-15 03:04:30] BoxColliders does not support negative scale or size.
The effective box size has been forced positive and is likely to give unexpected collision geometry.
If you absolutely need to use negative scaling you can use the convex MeshCollider. Scene hierarchy path "1408/Root/Skeleton/Left_Hip/Left_Leg"
[2024-10-15 03:04:30] BoxColliders does not support negative scale or size.
The effective box size has been forced positive and is likely to give unexpected collision geometry.
If you absolutely need to use negative scaling you can use the convex MeshCollider. Scene hierarchy path "1408/Root/Skeleton/Right_Hip/Right_Leg"
[2024-10-15 03:04:30] BoxColliders does not support negative scale or size.
The effective box size has been forced positive and is likely to give unexpected collision geometry.
If you absolutely need to use negative scaling you can use the convex MeshCollider. Scene hierarchy path "1408/Root/Skeleton/Spine"
[2024-10-15 03:04:30] BoxColliders does not support negative scale or size.
The effective box size has been forced positive and is likely to give unexpected collision geometry.
If you absolutely need to use negative scaling you can use the convex MeshCollider. Scene hierarchy path "1408/Root/Skeleton/Spine/Left_Shoulder/Left_Arm"
[2024-10-15 03:04:30] BoxColliders does not support negative scale or size.
The effective box size has been forced positive and is likely to give unexpected collision geometry.
If you absolutely need to use negative scaling you can use the convex MeshCollider. Scene hierarchy path "1408/Root/Skeleton/Spine/Right_Shoulder/Right_Arm"
[2024-10-15 03:04:30] BoxColliders does not support negative scale or size.
The effective box size has been forced positive and is likely to give unexpected collision geometry.
If you absolutely need to use negative scaling you can use the convex MeshCollider. Scene hierarchy path "1408/Root/Skeleton/Spine/Skull"
[2024-10-15 03:04:30] BoxColliders does not support negative scale or size.
The effective box size has been forced positive and is likely to give unexpected collision geometry.
If you absolutely need to use negative scaling you can use the convex MeshCollider. Scene hierarchy path "1409/Root/Skeleton/Left_Hip/Left_Leg"
[2024-10-15 03:04:30] BoxColliders does not support negative scale or size.
The effective box size has been forced positive and is likely to give unexpected collision geometry.
If you absolutely need to use negative scaling you can use the convex MeshCollider. Scene hierarchy path "1409/Root/Skeleton/Right_Hip/Right_Leg"
[2024-10-15 03:04:30] BoxColliders does not support negative scale or size.
The effective box size has been forced positive and is likely to give unexpected collision geometry.
If you absolutely need to use negative scaling you can use the convex MeshCollider. Scene hierarchy path "1409/Root/Skeleton/Spine"
[2024-10-15 03:04:30] BoxColliders does not support negative scale or size.
The effective box size has been forced positive and is likely to give unexpected collision geometry.
If you absolutely need to use negative scaling you can use the convex MeshCollider. Scene hierarchy path "1409/Root/Skeleton/Spine/Left_Shoulder/Left_Arm"
[2024-10-15 03:04:30] BoxColliders does not support negative scale or size.
The effective box size has been forced positive and is likely to give unexpected collision geometry.
If you absolutely need to use negative scaling you can use the convex MeshCollider. Scene hierarchy path "1409/Root/Skeleton/Spine/Right_Shoulder/Right_Arm"
[2024-10-15 03:04:30] BoxColliders does not support negative scale or size.
The effective box size has been forced positive and is likely to give unexpected collision geometry.
If you absolutely need to use negative scaling you can use the convex MeshCollider. Scene hierarchy path "1409/Root/Skeleton/Spine/Skull"
[2024-10-15 03:04:30] BoxColliders does not support negative scale or size.
The effective box size has been forced positive and is likely to give unexpected collision geometry.
If you absolutely need to use negative scaling you can use the convex MeshCollider. Scene hierarchy path "1409/Root/Skeleton/Left_Hip/Left_Leg"
[2024-10-15 03:04:30] BoxColliders does not support negative scale or size.
The effective box size has been forced positive and is likely to give unexpected collision geometry.
If you absolutely need to use negative scaling you can use the convex MeshCollider. Scene hierarchy path "1409/Root/Skeleton/Right_Hip/Right_Leg"
[2024-10-15 03:04:30] BoxColliders does not support negative scale or size.
The effective box size has been forced positive and is likely to give unexpected collision geometry.
If you absolutely need to use negative scaling you can use the convex MeshCollider. Scene hierarchy path "1409/Root/Skeleton/Spine"
[2024-10-15 03:04:30] BoxColliders does not support negative scale or size.
The effective box size has been forced positive and is likely to give unexpected collision geometry.
If you absolutely need to use negative scaling you can use the convex MeshCollider. Scene hierarchy path "1409/Root/Skeleton/Spine/Left_Shoulder/Left_Arm"
[2024-10-15 03:04:30] BoxColliders does not support negative scale or size.
The effective box size has been forced positive and is likely to give unexpected collision geometry.
If you absolutely need to use negative scaling you can use the convex MeshCollider. Scene hierarchy path "1409/Root/Skeleton/Spine/Right_Shoulder/Right_Arm"
[2024-10-15 03:04:30] BoxColliders does not support negative scale or size.
The effective box size has been forced positive and is likely to give unexpected collision geometry.
If you absolutely need to use negative scaling you can use the convex MeshCollider. Scene hierarchy path "1409/Root/Skeleton/Spine/Skull"
[2024-10-15 03:04:30] //////////////////////////////////////////////////////
[2024-10-15 03:04:30] Server Code: 85568392931804987
[2024-10-15 03:04:30] Your friends can enter this code in the Connect Directly menu to join without port forwarding.
[2024-10-15 03:04:30] Tip: Use the "CopyServerCode" command to copy the code to your clipboard. Alternatively, in most terminals you can highlight it and press Ctrl+Insert to copy.
[2024-10-15 03:04:30] //////////////////////////////////////////////////////
[2024-10-15 03:04:30] Loaded date counter: 474
[2024-10-15 03:04:30] Loaded weather DefaultRain forecast in 1300.951 seconds
[2024-10-15 03:04:31] Level "Washington" not using hardcoded special events
[2024-10-15 03:04:31] Loading level: 100%
[2024-10-15 03:04:42] Added 76561198228549580[0] "LuigiAndPug420" to queue position 0 (shouldVerify: True)
[2024-10-15 03:04:42] Sending verification request to queued player 76561198228549580[0] "LuigiAndPug420"
[2024-10-15 03:04:42] Received authentication request from queued player 76561198228549580[0] "LuigiAndPug420"
[2024-10-15 03:04:42] Submitted Steam authentication request for queued player 76561198228549580[0] "LuigiAndPug420"
[2024-10-15 03:04:43] Accepting queued player 76561198228549580[0] "LuigiAndPug420"
[2024-10-15 03:04:43] BattlEye Print: Player #0 LuigiAndPug420 (174.72.28.181:63333) connected
[2024-10-15 03:04:43] BattlEye Print: Player #0 LuigiAndPug420 - BE GUID: 038005319b2693679a3849304733ab25
[2024-10-15 03:04:43] Connecting: PlayerID: 76561198228549580 Name: LuigiAndPug420 Character: Luigi420
[2024-10-15 03:04:44] BattlEye Print: Connected to BE Master
[2024-10-15 03:05:02] Added 76561198290444948[0] "zbt.com ReyKenley tradeit.gg" to queue position 0 (shouldVerify: True)
[2024-10-15 03:05:02] Sending verification request to queued player 76561198290444948[0] "zbt.com ReyKenley tradeit.gg"
[2024-10-15 03:05:02] Received authentication request from queued player 76561198290444948[0] "zbt.com ReyKenley tradeit.gg"
[2024-10-15 03:05:02] Submitted Steam authentication request for queued player 76561198290444948[0] "zbt.com ReyKenley tradeit.gg"
[2024-10-15 03:05:02] Submitted Steam group request for queued player 76561198290444948[0] "zbt.com ReyKenley tradeit.gg"
[2024-10-15 03:05:03] Accepting queued player 76561198290444948[0] "zbt.com ReyKenley tradeit.gg"
[2024-10-15 03:05:03] BattlEye Print: Player #1 zbt.com ReyKenley tradeit.gg (119.111.133.170:62176) connected
[2024-10-15 03:05:03] BattlEye Print: Player #1 zbt.com ReyKenley tradeit.gg - BE GUID: 570644d15be8e7a893e5f1fc73f99866
[2024-10-15 03:05:03] Connecting: PlayerID: 76561198290444948 Name: zbt.com ReyKenley tradeit.gg Character: "Rey Kenley"
[2024-10-15 03:05:08] Added 76561199055113220[0] "AsianSpongeBob0" to queue position 0 (shouldVerify: True)
[2024-10-15 03:05:08] Sending verification request to queued player 76561199055113220[0] "AsianSpongeBob0"
[2024-10-15 03:05:08] Received authentication request from queued player 76561199055113220[0] "AsianSpongeBob0"
[2024-10-15 03:05:08] Submitted Steam authentication request for queued player 76561199055113220[0] "AsianSpongeBob0"
[2024-10-15 03:05:09] Accepting queued player 76561199055113220[0] "AsianSpongeBob0"
[2024-10-15 03:05:09] BattlEye Print: Player #2 AsianSpongeBob0 (97.113.157.95:57802) connected
[2024-10-15 03:05:09] BattlEye Print: Player #2 AsianSpongeBob0 - BE GUID: 6ea60d3cf7e89ad150a819b07ad50fbc
[2024-10-15 03:05:09] Connecting: PlayerID: 76561199055113220 Name: AsianSpongeBob0 Character: Bueno Bandito
[2024-10-15 03:06:19] Added 76561198291084804[0] "syncz" to queue position 0 (shouldVerify: True)
[2024-10-15 03:06:19] Sending verification request to queued player 76561198291084804[0] "syncz"
[2024-10-15 03:06:19] Received authentication request from queued player 76561198291084804[0] "syncz"
[2024-10-15 03:06:19] Submitted Steam authentication request for queued player 76561198291084804[0] "syncz"
[2024-10-15 03:06:21] Accepting queued player 76561198291084804[0] "syncz"
[2024-10-15 03:06:21] BattlEye Print: Player #3 syncz (206.83.103.67:9946) connected
[2024-10-15 03:06:21] BattlEye Print: Player #3 syncz - BE GUID: 4aeb367df9678bd4903aef7fc4b9a645
[2024-10-15 03:06:21] Connecting: PlayerID: 76561198291084804 Name: syncz Character: syncz
[2024-10-15 03:06:45] Added 76561198366274680[0] "Spitgunner" to queue position 0 (shouldVerify: True)
[2024-10-15 03:06:45] Sending verification request to queued player 76561198366274680[0] "Spitgunner"
[2024-10-15 03:06:46] Received authentication request from queued player 76561198366274680[0] "Spitgunner"
[2024-10-15 03:06:46] Submitted Steam authentication request for queued player 76561198366274680[0] "Spitgunner"
[2024-10-15 03:06:47] Accepting queued player 76561198366274680[0] "Spitgunner"
[2024-10-15 03:06:47] BattlEye Print: Player #4 Spitgunner (14.201.101.180:50407) connected
[2024-10-15 03:06:47] BattlEye Print: Player #4 Spitgunner - BE GUID: 7cbb523c9c354359f318a8e7be2b3e36
[2024-10-15 03:06:47] Connecting: PlayerID: 76561198366274680 Name: Spitgunner Character: Spitgunner
[2024-10-15 03:10:21] Successfully saved the game.
[2024-10-15 03:11:05] Added 76561199122518761[0] "Qwizzlift" to queue position 0 (shouldVerify: True)
[2024-10-15 03:11:05] Sending verification request to queued player 76561199122518761[0] "Qwizzlift"
[2024-10-15 03:11:05] Received authentication request from queued player 76561199122518761[0] "Qwizzlift"
[2024-10-15 03:11:05] Submitted Steam authentication request for queued player 76561199122518761[0] "Qwizzlift"
[2024-10-15 03:11:06] Accepting queued player 76561199122518761[0] "Qwizzlift"
[2024-10-15 03:11:06] BattlEye Print: Player #5 Qwizzlift (207.216.177.113:58745) connected
[2024-10-15 03:11:06] BattlEye Print: Player #5 Qwizzlift - BE GUID: cb20aad59dded31c814016c67c4b0cf7
[2024-10-15 03:11:06] Connecting: PlayerID: 76561199122518761 Name: Qwizzlift Character: Qwizzlift
[2024-10-15 03:11:55] Removing player steamid:76561199122518761 after graceful disconnect message
[2024-10-15 03:11:55] Disconnecting: PlayerID: 76561199122518761 Name: Qwizzlift Character: Qwizzlift
[2024-10-15 03:11:55] BattlEye Print: Player #5 Qwizzlift disconnected
[2024-10-15 03:20:22] Successfully saved the game.
[2024-10-15 03:24:22] Added 76561199562514406[0] "monkey king" to queue position 0 (shouldVerify: True)
[2024-10-15 03:24:22] Sending verification request to queued player 76561199562514406[0] "monkey king"
[2024-10-15 03:24:22] Received authentication request from queued player 76561199562514406[0] "monkey king"
[2024-10-15 03:24:22] Submitted Steam authentication request for queued player 76561199562514406[0] "monkey king"
[2024-10-15 03:24:23] Accepting queued player 76561199562514406[0] "monkey king"
[2024-10-15 03:24:23] BattlEye Print: Player #5 monkey king (75.89.67.16:58654) connected
[2024-10-15 03:24:23] BattlEye Print: Player #5 monkey king - BE GUID: 37b02ac1621fea2332f29047c487cde5
[2024-10-15 03:24:23] Connecting: PlayerID: 76561199562514406 Name: monkey king Character: monkey king
[2024-10-15 03:26:11] Weather DefaultRain starting for 515.3692 seconds
[2024-10-15 03:30:25] Successfully saved the game.
[2024-10-15 03:32:38] Removing player steamid:76561198228549580 due to transport failure (ClosedByPeer Reason: 2999 Message: "Application closed connection")
[2024-10-15 03:32:38] Disconnecting: PlayerID: 76561198228549580 Name: LuigiAndPug420 Character: Luigi420
[2024-10-15 03:32:38] BattlEye Print: Player #0 LuigiAndPug420 disconnected
[2024-10-15 03:33:21] Incremented date counter: 475
[2024-10-15 03:34:47] Weather DefaultRain ending
[2024-10-15 03:34:47] Weather DefaultRain forecast in 9741.645 seconds
[2024-10-15 03:40:12] Successfully saved the game.
[2024-10-15 03:42:33] Added 76561198042801369[0] "clem" to queue position 0 (shouldVerify: True)
[2024-10-15 03:42:33] Sending verification request to queued player 76561198042801369[0] "clem"
[2024-10-15 03:42:33] Received authentication request from queued player 76561198042801369[0] "clem"
[2024-10-15 03:42:33] Submitted Steam authentication request for queued player 76561198042801369[0] "clem"
[2024-10-15 03:42:33] Submitted Steam group request for queued player 76561198042801369[0] "clem"
[2024-10-15 03:42:35] Accepting queued player 76561198042801369[0] "clem"
[2024-10-15 03:42:35] BattlEye Print: Player #6 clem (72.74.187.219:53097) connected
[2024-10-15 03:42:35] BattlEye Print: Player #6 clem - BE GUID: cabbc0a57f5a2605a8cb1270bdd6c17c
[2024-10-15 03:42:35] Connecting: PlayerID: 76561198042801369 Name: clem Character: Clem
[2024-10-15 03:48:05] Added 76561198218042135[0] "Orgblorg" to queue position 0 (shouldVerify: True)
[2024-10-15 03:48:05] Sending verification request to queued player 76561198218042135[0] "Orgblorg"
[2024-10-15 03:48:05] Received authentication request from queued player 76561198218042135[0] "Orgblorg"
[2024-10-15 03:48:05] Submitted Steam authentication request for queued player 76561198218042135[0] "Orgblorg"
[2024-10-15 03:48:05] Submitted Steam group request for queued player 76561198218042135[0] "Orgblorg"
[2024-10-15 03:48:06] Accepting queued player 76561198218042135[0] "Orgblorg"
[2024-10-15 03:48:06] BattlEye Print: Player #7 Orgblorg (72.131.75.83:55737) connected
[2024-10-15 03:48:06] BattlEye Print: Player #7 Orgblorg - BE GUID: 1a52725f41596b9319671bf6998faeda
[2024-10-15 03:48:06] Connecting: PlayerID: 76561198218042135 Name: Orgblorg Character: Orgblorg
[2024-10-15 03:50:19] Successfully saved the game.
[2024-10-15 03:51:12] Added 76561198083716522[0] "Cooljayy20" to queue position 0 (shouldVerify: True)
[2024-10-15 03:51:12] Sending verification request to queued player 76561198083716522[0] "Cooljayy20"
[2024-10-15 03:51:12] Received authentication request from queued player 76561198083716522[0] "Cooljayy20"
[2024-10-15 03:51:12] Submitted Steam authentication request for queued player 76561198083716522[0] "Cooljayy20"
[2024-10-15 03:51:12] Submitted Steam group request for queued player 76561198083716522[0] "Cooljayy20"
[2024-10-15 03:51:13] Accepting queued player 76561198083716522[0] "Cooljayy20"
[2024-10-15 03:51:13] BattlEye Print: Player #8 Cooljayy20 (174.68.139.209:63893) connected
[2024-10-15 03:51:13] BattlEye Print: Player #8 Cooljayy20 - BE GUID: 86dc818cffb9650f522dae4c56bba9a1
[2024-10-15 03:51:13] Connecting: PlayerID: 76561198083716522 Name: Cooljayy20 Character: Cooljayy16
[2024-10-15 03:52:09] Added 76561198208815343[0] "P_J_B Alex" to queue position 0 (shouldVerify: True)
[2024-10-15 03:52:09] Sending verification request to queued player 76561198208815343[0] "P_J_B Alex"
[2024-10-15 03:52:10] Received authentication request from queued player 76561198208815343[0] "P_J_B Alex"
[2024-10-15 03:52:10] Submitted Steam authentication request for queued player 76561198208815343[0] "P_J_B Alex"
[2024-10-15 03:52:10] Submitted Steam group request for queued player 76561198208815343[0] "P_J_B Alex"
[2024-10-15 03:52:11] Accepting queued player 76561198208815343[0] "P_J_B Alex"
[2024-10-15 03:52:11] BattlEye Print: Player #9 P_J_B Alex (174.68.139.209:53619) connected
[2024-10-15 03:52:11] BattlEye Print: Player #9 P_J_B Alex - BE GUID: 44a28f8702b1169d68280a1be8dd3d62
[2024-10-15 03:52:11] Connecting: PlayerID: 76561198208815343 Name: P_J_B Alex Character: alejandro
[2024-10-15 03:53:12] Removing player steamid:76561198042801369 after graceful disconnect message
[2024-10-15 03:53:12] Disconnecting: PlayerID: 76561198042801369 Name: clem Character: Clem
[2024-10-15 03:53:12] BattlEye Print: Player #6 clem disconnected
[2024-10-15 03:53:17] Removing player steamid:76561199562514406 after graceful disconnect message
[2024-10-15 03:53:17] Disconnecting: PlayerID: 76561199562514406 Name: monkey king Character: monkey king
[2024-10-15 03:53:17] BattlEye Print: Player #5 monkey king disconnected
[2024-10-15 04:00:20] Successfully saved the game.
[2024-10-15 04:07:04] Removing player steamid:76561199055113220 due to transport failure (ClosedByPeer Reason: 2999 Message: "Application closed connection")
[2024-10-15 04:07:04] Disconnecting: PlayerID: 76561199055113220 Name: AsianSpongeBob0 Character: Bueno Bandito
[2024-10-15 04:07:04] BattlEye Print: Player #2 AsianSpongeBob0 disconnected
[2024-10-15 04:07:36] Removing player steamid:76561198291084804 after graceful disconnect message
[2024-10-15 04:07:36] Disconnecting: PlayerID: 76561198291084804 Name: syncz Character: syncz
[2024-10-15 04:07:36] BattlEye Print: Player #3 syncz disconnected
[2024-10-15 04:08:21] Added 76561198291084804[0] "syncz" to queue position 0 (shouldVerify: True)
[2024-10-15 04:08:21] Sending verification request to queued player 76561198291084804[0] "syncz"
[2024-10-15 04:08:21] Received authentication request from queued player 76561198291084804[0] "syncz"
[2024-10-15 04:08:21] Submitted Steam authentication request for queued player 76561198291084804[0] "syncz"
[2024-10-15 04:08:22] Accepting queued player 76561198291084804[0] "syncz"
[2024-10-15 04:08:22] BattlEye Print: Player #10 syncz (206.83.103.67:7928) connected
[2024-10-15 04:08:22] BattlEye Print: Player #10 syncz - BE GUID: 4aeb367df9678bd4903aef7fc4b9a645
[2024-10-15 04:08:22] Connecting: PlayerID: 76561198291084804 Name: syncz Character: syncz
[2024-10-15 04:10:23] Successfully saved the game.
[2024-10-15 04:19:44] Removing player steamid:76561198218042135 after graceful disconnect message
[2024-10-15 04:19:44] Disconnecting: PlayerID: 76561198218042135 Name: Orgblorg Character: Orgblorg
[2024-10-15 04:19:44] BattlEye Print: Player #7 Orgblorg disconnected
[2024-10-15 04:20:13] Successfully saved the game.
[2024-10-15 04:21:40] Added 76561199748963391[0] "Graywolf_25" to queue position 0 (shouldVerify: True)
[2024-10-15 04:21:40] Sending verification request to queued player 76561199748963391[0] "Graywolf_25"
[2024-10-15 04:21:40] Received authentication request from queued player 76561199748963391[0] "Graywolf_25"
[2024-10-15 04:21:40] Submitted Steam authentication request for queued player 76561199748963391[0] "Graywolf_25"
[2024-10-15 04:21:42] Accepting queued player 76561199748963391[0] "Graywolf_25"
[2024-10-15 04:21:42] BattlEye Print: Player #11 Graywolf_25 (209.216.190.41:64505) connected
[2024-10-15 04:21:42] BattlEye Print: Player #11 Graywolf_25 - BE GUID: 435c3be7c7281edf0cf40f452edf0c46
[2024-10-15 04:21:42] Connecting: PlayerID: 76561199748963391 Name: Graywolf_25 Character: Greyfox 25
[2024-10-15 04:29:43] Added 76561198166043286[0] "Rigbone" to queue position 0 (shouldVerify: True)
[2024-10-15 04:29:43] Sending verification request to queued player 76561198166043286[0] "Rigbone"
[2024-10-15 04:29:43] Received authentication request from queued player 76561198166043286[0] "Rigbone"
[2024-10-15 04:29:43] Submitted Steam authentication request for queued player 76561198166043286[0] "Rigbone"
[2024-10-15 04:29:43] Submitted Steam group request for queued player 76561198166043286[0] "Rigbone"
[2024-10-15 04:29:44] Accepting queued player 76561198166043286[0] "Rigbone"
[2024-10-15 04:29:44] BattlEye Print: Player #12 Rigbone (73.157.85.166:59021) connected
[2024-10-15 04:29:44] BattlEye Print: Player #12 Rigbone - BE GUID: d880ec24dcb990d615a05eaafb0766a5
[2024-10-15 04:29:44] Connecting: PlayerID: 76561198166043286 Name: Rigbone Character: Rigbone
[2024-10-15 04:29:47] 76561198166043286[0] "Rigbone" turned on spectator stats overlay admin mode
[2024-10-15 04:29:55] 76561198166043286[0] "Rigbone" entered freecam admin mode
[2024-10-15 04:30:01] 76561198166043286[0] "Rigbone" exited freecam admin mode
[2024-10-15 04:30:06] 76561198166043286[0] "Rigbone" entered freecam admin mode
[2024-10-15 04:30:11] 76561198166043286[0] "Rigbone" exited freecam admin mode
[2024-10-15 04:30:20] Successfully saved the game.
[2024-10-15 04:31:04] Added 76561198966943105[0] "23cnelson3" to queue position 0 (shouldVerify: True)
[2024-10-15 04:31:04] Sending verification request to queued player 76561198966943105[0] "23cnelson3"
[2024-10-15 04:31:09] Received authentication request from queued player 76561198966943105[0] "23cnelson3"
[2024-10-15 04:31:09] Submitted Steam authentication request for queued player 76561198966943105[0] "23cnelson3"
[2024-10-15 04:31:10] Accepting queued player 76561198966943105[0] "23cnelson3"
[2024-10-15 04:31:10] BattlEye Print: Player #13 23cnelson3 (38.46.209.56:65131) connected
[2024-10-15 04:31:10] BattlEye Print: Player #13 23cnelson3 - BE GUID: a01310869744f658432c96ad153de590
[2024-10-15 04:31:10] Connecting: PlayerID: 76561198966943105 Name: 23cnelson3 Character: 23cnelson3
[2024-10-15 04:31:44] Successfully saved the game.
[2024-10-15 04:31:52] Failed to find anyone called bed.
[2024-10-15 04:31:54] Successfully teleported Rigbone to bed!
[2024-10-15 04:32:25] Failed to find anyone called wp.
[2024-10-15 04:32:28] Successfully teleported Rigbone to waypoint!
[2024-10-15 04:33:21] Incremented date counter: 476
[2024-10-15 04:33:49] Removing player steamid:76561198966943105 after graceful disconnect message
[2024-10-15 04:33:49] Disconnecting: PlayerID: 76561198966943105 Name: 23cnelson3 Character: 23cnelson3
[2024-10-15 04:33:49] BattlEye Print: Player #13 23cnelson3 disconnected
[2024-10-15 04:34:19] Successfully taking a screenshot of zbt.com ReyKenley tradeit.gg.
[2024-10-15 04:35:24] 76561198166043286[0] "Rigbone" entered freecam admin mode
[2024-10-15 04:35:26] 76561198166043286[0] "Rigbone" exited freecam admin mode
[2024-10-15 04:35:27] 76561198166043286[0] "Rigbone" entered freecam admin mode
[2024-10-15 04:35:32] 76561198166043286[0] "Rigbone" exited freecam admin mode
[2024-10-15 04:35:39] 76561198166043286[0] "Rigbone" entered freecam admin mode
[2024-10-15 04:35:40] 76561198166043286[0] "Rigbone" exited freecam admin mode
[2024-10-15 04:35:43] Removing player steamid:76561199748963391 due to transport failure (ClosedByPeer Reason: 2999 Message: "Application closed connection")
[2024-10-15 04:35:43] Disconnecting: PlayerID: 76561199748963391 Name: Graywolf_25 Character: Greyfox 25
[2024-10-15 04:35:43] BattlEye Print: Player #11 Graywolf_25 disconnected
[2024-10-15 04:39:09] 76561198166043286[0] "Rigbone" entered freecam admin mode
[2024-10-15 04:39:15] 76561198166043286[0] "Rigbone" exited freecam admin mode
[2024-10-15 04:40:06] 76561198166043286[0] "Rigbone" turned off spectator stats overlay admin mode
[2024-10-15 04:40:22] Successfully saved the game.
[2024-10-15 04:40:50] 76561198166043286[0] "Rigbone" turned on spectator stats overlay admin mode
[2024-10-15 04:40:51] 76561198166043286[0] "Rigbone" turned off spectator stats overlay admin mode
[2024-10-15 04:40:55] 76561198166043286[0] "Rigbone" turned on spectator stats overlay admin mode
[2024-10-15 04:40:56] 76561198166043286[0] "Rigbone" turned off spectator stats overlay admin mode
[2024-10-15 04:41:11] 76561198166043286[0] "Rigbone" turned on spectator stats overlay admin mode
[2024-10-15 04:41:12] 76561198166043286[0] "Rigbone" turned off spectator stats overlay admin mode
[2024-10-15 04:41:12] 76561198166043286[0] "Rigbone" turned on spectator stats overlay admin mode
[2024-10-15 04:41:40] Added 76561199562514406[0] "monkey king" to queue position 0 (shouldVerify: True)
[2024-10-15 04:41:40] Sending verification request to queued player 76561199562514406[0] "monkey king"
[2024-10-15 04:41:41] Received authentication request from queued player 76561199562514406[0] "monkey king"
[2024-10-15 04:41:41] Submitted Steam authentication request for queued player 76561199562514406[0] "monkey king"
[2024-10-15 04:41:42] Accepting queued player 76561199562514406[0] "monkey king"
[2024-10-15 04:41:42] BattlEye Print: Player #13 monkey king (75.89.67.16:61627) connected
[2024-10-15 04:41:42] BattlEye Print: Player #13 monkey king - BE GUID: 37b02ac1621fea2332f29047c487cde5
[2024-10-15 04:41:42] Connecting: PlayerID: 76561199562514406 Name: monkey king Character: monkey king
[2024-10-15 04:44:15] 76561198166043286[0] "Rigbone" turned off spectator stats overlay admin mode
[2024-10-15 04:44:30] 76561198166043286[0] "Rigbone" turned on spectator stats overlay admin mode
[2024-10-15 04:47:27] Failed to find anyone called bed.
[2024-10-15 04:47:29] Successfully teleported Rigbone to bed!
[2024-10-15 04:48:52] Failed to find anyone called wp.
[2024-10-15 04:48:54] Successfully teleported Rigbone to waypoint!
[2024-10-15 04:48:55] 76561198166043286[0] "Rigbone" entered freecam admin mode
[2024-10-15 04:49:24] Successfully taking a screenshot of Spitgunner.
[2024-10-15 04:49:26] Successfully taking a screenshot of syncz.
[2024-10-15 04:50:03] 76561198166043286[0] "Rigbone" exited freecam admin mode
[2024-10-15 04:50:08] Successfully teleported Rigbone to bed!
[2024-10-15 04:50:13] Successfully saved the game.
[2024-10-15 04:51:21] Successfully teleported Rigbone to bed!
[2024-10-15 04:55:13] 76561198166043286[0] "Rigbone" entered freecam admin mode
[2024-10-15 04:55:13] Added 76561199790089212[0] "coldinseptember96" to queue position 0 (shouldVerify: True)
[2024-10-15 04:55:13] Sending verification request to queued player 76561199790089212[0] "coldinseptember96"
[2024-10-15 04:55:14] Received authentication request from queued player 76561199790089212[0] "coldinseptember96"
[2024-10-15 04:55:14] Submitted Steam authentication request for queued player 76561199790089212[0] "coldinseptember96"
[2024-10-15 04:55:15] Accepting queued player 76561199790089212[0] "coldinseptember96"
[2024-10-15 04:55:15] BattlEye Print: Player #14 coldinseptember96 (61.109.111.234:57880) connected
[2024-10-15 04:55:15] BattlEye Print: Player #14 coldinseptember96 - BE GUID: 463089156edfa9832d4af731f5e61fc3
[2024-10-15 04:55:15] Connecting: PlayerID: 76561199790089212 Name: coldinseptember96 Character: coldinseptember96
[2024-10-15 04:55:41] 76561198166043286[0] "Rigbone" exited freecam admin mode
[2024-10-15 04:58:04] Removing player steamid:76561198166043286 due to transport failure (ClosedByPeer Reason: 2999 Message: "Application closed connection")
[2024-10-15 04:58:04] Disconnecting: PlayerID: 76561198166043286 Name: Rigbone Character: Rigbone
[2024-10-15 04:58:04] BattlEye Print: Player #12 Rigbone disconnected
[2024-10-15 05:00:18] Successfully saved the game.
[2024-10-15 05:08:45] Removing player steamid:76561199562514406 due to transport failure (ClosedByPeer Reason: 2999 Message: "Application closed connection")
[2024-10-15 05:08:45] Disconnecting: PlayerID: 76561199562514406 Name: monkey king Character: monkey king
[2024-10-15 05:08:45] BattlEye Print: Player #13 monkey king disconnected
[2024-10-15 05:10:20] Successfully saved the game.
[2024-10-15 05:14:47] Removing player steamid:76561198291084804 after graceful disconnect message
[2024-10-15 05:14:47] Disconnecting: PlayerID: 76561198291084804 Name: syncz Character: syncz
[2024-10-15 05:14:47] BattlEye Print: Player #10 syncz disconnected
[2024-10-15 05:19:10] Removing player steamid:76561199790089212 due to transport failure (ClosedByPeer Reason: 2999 Message: "Application closed connection")
[2024-10-15 05:19:10] Disconnecting: PlayerID: 76561199790089212 Name: coldinseptember96 Character: coldinseptember96
[2024-10-15 05:19:10] BattlEye Print: Player #14 coldinseptember96 disconnected
[2024-10-15 05:20:24] Successfully saved the game.
[2024-10-15 05:21:50] Added 76561199228903792[0] "Kegan" to queue position 0 (shouldVerify: True)
[2024-10-15 05:21:50] Sending verification request to queued player 76561199228903792[0] "Kegan"
[2024-10-15 05:21:51] Removing player in queue steamid:76561199228903792 because they disconnected (ClosedByPeer Reason: 1000 Message: "Application closed connection") queue state: "hasAuthentication: False hasProof: False hasGroup: False elapsed: 0.4606365s"
[2024-10-15 05:23:48] Added 76561199095629198[0] "CEEJUXZ" to queue position 0 (shouldVerify: True)
[2024-10-15 05:23:48] Sending verification request to queued player 76561199095629198[0] "CEEJUXZ"
[2024-10-15 05:23:49] Received authentication request from queued player 76561199095629198[0] "CEEJUXZ"
[2024-10-15 05:23:49] Submitted Steam authentication request for queued player 76561199095629198[0] "CEEJUXZ"
[2024-10-15 05:23:50] Accepting queued player 76561199095629198[0] "CEEJUXZ"
[2024-10-15 05:23:50] BattlEye Print: Player #10 CEEJUXZ (121.98.84.183:14237) connected
[2024-10-15 05:23:50] BattlEye Print: Player #10 CEEJUXZ - BE GUID: f623de0ed1ec13152c226a8e448e1650
[2024-10-15 05:23:50] Connecting: PlayerID: 76561199095629198 Name: CEEJUXZ Character: Marvel
[2024-10-15 05:24:11] Added 76561198323663846[0] "LemonInDisguise" to queue position 0 (shouldVerify: True)
[2024-10-15 05:24:11] Sending verification request to queued player 76561198323663846[0] "LemonInDisguise"
[2024-10-15 05:24:12] Received authentication request from queued player 76561198323663846[0] "LemonInDisguise"
[2024-10-15 05:24:12] Submitted Steam authentication request for queued player 76561198323663846[0] "LemonInDisguise"
[2024-10-15 05:24:12] Submitted Steam group request for queued player 76561198323663846[0] "LemonInDisguise"
[2024-10-15 05:24:13] Accepting queued player 76561198323663846[0] "LemonInDisguise"
[2024-10-15 05:24:13] BattlEye Print: Player #11 LemonInDisguise (173.26.6.121:64387) connected
[2024-10-15 05:24:13] BattlEye Print: Player #11 LemonInDisguise - BE GUID: a8cb293a66714135a517f0d50c26eebe
[2024-10-15 05:24:13] Connecting: PlayerID: 76561198323663846 Name: LemonInDisguise Character: LemonInDisguise
[2024-10-15 05:24:52] Added 76561199228903792[0] "Kegan" to queue position 0 (shouldVerify: True)
[2024-10-15 05:24:52] Sending verification request to queued player 76561199228903792[0] "Kegan"
[2024-10-15 05:24:52] Received authentication request from queued player 76561199228903792[0] "Kegan"
[2024-10-15 05:24:52] Submitted Steam authentication request for queued player 76561199228903792[0] "Kegan"
[2024-10-15 05:24:53] Accepting queued player 76561199228903792[0] "Kegan"
[2024-10-15 05:24:53] BattlEye Print: Player #12 Kegan (121.98.84.183:14250) connected
[2024-10-15 05:24:53] BattlEye Print: Player #12 Kegan - BE GUID: 2dca74f515f490cfa9b11f70cf587abf
[2024-10-15 05:24:53] Connecting: PlayerID: 76561199228903792 Name: Kegan Character: Kegan
[2024-10-15 05:27:02] Added 76561199712028521[0] "hemish950" to queue position 0 (shouldVerify: True)
[2024-10-15 05:27:02] Sending verification request to queued player 76561199712028521[0] "hemish950"
[2024-10-15 05:27:02] Received authentication request from queued player 76561199712028521[0] "hemish950"
[2024-10-15 05:27:02] Submitted Steam authentication request for queued player 76561199712028521[0] "hemish950"
[2024-10-15 05:27:03] Accepting queued player 76561199712028521[0] "hemish950"
[2024-10-15 05:27:03] BattlEye Print: Player #13 hemish950 (124.190.14.214:62134) connected
[2024-10-15 05:27:03] BattlEye Print: Player #13 hemish950 - BE GUID: c0e924a80ee1271196365f25b03494da
[2024-10-15 05:27:03] Connecting: PlayerID: 76561199712028521 Name: hemish950 Character: hemish950
[2024-10-15 05:30:11] Successfully saved the game.
[2024-10-15 05:32:35] Added 76561198291084804[0] "syncz" to queue position 0 (shouldVerify: True)
[2024-10-15 05:32:35] Sending verification request to queued player 76561198291084804[0] "syncz"
[2024-10-15 05:32:35] Received authentication request from queued player 76561198291084804[0] "syncz"
[2024-10-15 05:32:35] Submitted Steam authentication request for queued player 76561198291084804[0] "syncz"
[2024-10-15 05:32:36] Accepting queued player 76561198291084804[0] "syncz"
[2024-10-15 05:32:36] BattlEye Print: Player #14 syncz (206.83.103.67:5733) connected
[2024-10-15 05:32:36] BattlEye Print: Player #14 syncz - BE GUID: 4aeb367df9678bd4903aef7fc4b9a645
[2024-10-15 05:32:36] Connecting: PlayerID: 76561198291084804 Name: syncz Character: syncz
[2024-10-15 05:33:21] Incremented date counter: 477
[2024-10-15 05:37:36] Added 76561198929552743[0] "Nanquitas" to queue position 0 (shouldVerify: True)
[2024-10-15 05:37:36] Sending verification request to queued player 76561198929552743[0] "Nanquitas"
[2024-10-15 05:37:36] Received authentication request from queued player 76561198929552743[0] "Nanquitas"
[2024-10-15 05:37:36] Submitted Steam authentication request for queued player 76561198929552743[0] "Nanquitas"
[2024-10-15 05:37:36] Submitted Steam group request for queued player 76561198929552743[0] "Nanquitas"
[2024-10-15 05:37:37] Accepting queued player 76561198929552743[0] "Nanquitas"
[2024-10-15 05:37:37] BattlEye Print: Player #15 Nanquitas (49.150.59.63:45045) connected
[2024-10-15 05:37:37] BattlEye Print: Player #15 Nanquitas - BE GUID: 222d750331518fa18725a8a70287fa54
[2024-10-15 05:37:37] Connecting: PlayerID: 76561198929552743 Name: Nanquitas Character: ImSmile
[2024-10-15 05:40:14] Successfully saved the game.
[2024-10-15 05:40:17] Added 76561199439557173[0] "ConsumerOfFood" to queue position 0 (shouldVerify: True)
[2024-10-15 05:40:17] Sending verification request to queued player 76561199439557173[0] "ConsumerOfFood"
[2024-10-15 05:40:17] Received authentication request from queued player 76561199439557173[0] "ConsumerOfFood"
[2024-10-15 05:40:17] Submitted Steam authentication request for queued player 76561199439557173[0] "ConsumerOfFood"
[2024-10-15 05:40:18] Accepting queued player 76561199439557173[0] "ConsumerOfFood"
[2024-10-15 05:40:18] BattlEye Print: Player #16 ConsumerOfFood (96.55.15.31:55692) connected
[2024-10-15 05:40:18] BattlEye Print: Player #16 ConsumerOfFood - BE GUID: dae912065a6c4fbc48150aca0d1131ff
[2024-10-15 05:40:18] Connecting: PlayerID: 76561199439557173 Name: ConsumerOfFood Character: ConsumerOfFood
[2024-10-15 05:40:18] Added 76561199487535201[0] "Joseph Stalin" to queue position 0 (shouldVerify: True)
[2024-10-15 05:40:18] Sending verification request to queued player 76561199487535201[0] "Joseph Stalin"
[2024-10-15 05:40:19] Received authentication request from queued player 76561199487535201[0] "Joseph Stalin"
[2024-10-15 05:40:19] Submitted Steam authentication request for queued player 76561199487535201[0] "Joseph Stalin"
[2024-10-15 05:40:20] Accepting queued player 76561199487535201[0] "Joseph Stalin"
[2024-10-15 05:40:20] BattlEye Print: Player #17 Joseph Stalin (70.68.24.123:51285) connected
[2024-10-15 05:40:20] BattlEye Print: Player #17 Joseph Stalin - BE GUID: cd4f28332871894ea88a1b180b7dda0c
[2024-10-15 05:40:20] Connecting: PlayerID: 76561199487535201 Name: Joseph Stalin Character: KikiSoyBoy
[2024-10-15 05:42:24] Added 76561198969130864[0] "envy" to queue position 0 (shouldVerify: True)
[2024-10-15 05:42:24] Sending verification request to queued player 76561198969130864[0] "envy"
[2024-10-15 05:42:24] Received authentication request from queued player 76561198969130864[0] "envy"
[2024-10-15 05:42:24] Submitted Steam authentication request for queued player 76561198969130864[0] "envy"
[2024-10-15 05:42:25] Accepting queued player 76561198969130864[0] "envy"
[2024-10-15 05:42:25] BattlEye Print: Player #18 envy (75.156.53.33:58866) connected
[2024-10-15 05:42:25] BattlEye Print: Player #18 envy - BE GUID: 5287864deab62ba02ae82a550f321c70
[2024-10-15 05:42:25] Connecting: PlayerID: 76561198969130864 Name: envy Character: [찬 씨족] envy
[2024-10-15 05:45:23] Added 76561199685222412[0] "paulinhanohvc06" to queue position 0 (shouldVerify: True)
[2024-10-15 05:45:23] Sending verification request to queued player 76561199685222412[0] "paulinhanohvc06"
[2024-10-15 05:45:23] Received authentication request from queued player 76561199685222412[0] "paulinhanohvc06"
[2024-10-15 05:45:23] Submitted Steam authentication request for queued player 76561199685222412[0] "paulinhanohvc06"
[2024-10-15 05:45:24] Accepting queued player 76561199685222412[0] "paulinhanohvc06"
[2024-10-15 05:45:24] BattlEye Print: Player #19 paulinhanohvc06 (187.56.15.253:52268) connected
[2024-10-15 05:45:24] BattlEye Print: Player #19 paulinhanohvc06 - BE GUID: d4f989c55deca10830ade63b0d562dde
[2024-10-15 05:45:24] Connecting: PlayerID: 76561199685222412 Name: paulinhanohvc06 Character: Paulo
[2024-10-15 05:47:00] Added 76561199580036589[0] "gio" to queue position 0 (shouldVerify: True)
[2024-10-15 05:47:00] Sending verification request to queued player 76561199580036589[0] "gio"
[2024-10-15 05:47:01] Received authentication request from queued player 76561199580036589[0] "gio"
[2024-10-15 05:47:01] Submitted Steam authentication request for queued player 76561199580036589[0] "gio"
[2024-10-15 05:47:02] Accepting queued player 76561199580036589[0] "gio"
[2024-10-15 05:47:02] BattlEye Print: Player #20 gio (152.38.176.3:52174) connected
[2024-10-15 05:47:02] BattlEye Print: Player #20 gio - BE GUID: 9ae942ac7fdda7373217343096ee4518
[2024-10-15 05:47:02] Connecting: PlayerID: 76561199580036589 Name: gio Character: NickB
[2024-10-15 05:47:17] Removing player steamid:76561199095629198 after graceful disconnect message
[2024-10-15 05:47:17] Disconnecting: PlayerID: 76561199095629198 Name: CEEJUXZ Character: Marvel
[2024-10-15 05:47:17] BattlEye Print: Player #10 CEEJUXZ disconnected
[2024-10-15 05:47:20] Removing player steamid:76561199228903792 after graceful disconnect message
[2024-10-15 05:47:20] Disconnecting: PlayerID: 76561199228903792 Name: Kegan Character: Kegan
[2024-10-15 05:47:20] BattlEye Print: Player #12 Kegan disconnected
[2024-10-15 05:47:24] Removing player steamid:76561199580036589 after graceful disconnect message
[2024-10-15 05:47:24] Disconnecting: PlayerID: 76561199580036589 Name: gio Character: NickB
[2024-10-15 05:47:24] BattlEye Print: Player #20 gio disconnected
[2024-10-15 05:50:19] Successfully saved the game.
[2024-10-15 05:50:49] Added 76561198303147602[0] "⎝⧹ Vinva ⧸⎠" to queue position 0 (shouldVerify: True)
[2024-10-15 05:50:49] Sending verification request to queued player 76561198303147602[0] "⎝⧹ Vinva ⧸⎠"
[2024-10-15 05:50:50] Received authentication request from queued player 76561198303147602[0] "⎝⧹ Vinva ⧸⎠"
[2024-10-15 05:50:50] Submitted Steam authentication request for queued player 76561198303147602[0] "⎝⧹ Vinva ⧸⎠"
[2024-10-15 05:50:50] Submitted Steam group request for queued player 76561198303147602[0] "⎝⧹ Vinva ⧸⎠"
[2024-10-15 05:50:51] Accepting queued player 76561198303147602[0] "⎝⧹ Vinva ⧸⎠"
[2024-10-15 05:50:51] BattlEye Print: Player #20 ⎝⧹ Vinva ⧸⎠ (42.71.94.188:19033) connected
[2024-10-15 05:50:51] BattlEye Print: Player #20 ⎝⧹ Vinva ⧸⎠ - BE GUID: 6e967f5895048a12a67d4136c572aa8e
[2024-10-15 05:50:51] Connecting: PlayerID: 76561198303147602 Name: ⎝⧹ Vinva ⧸⎠ Character: Vinva
[2024-10-15 05:53:33] Added 76561199553704069[0] "gordon_lol2" to queue position 0 (shouldVerify: True)
[2024-10-15 05:53:33] Sending verification request to queued player 76561199553704069[0] "gordon_lol2"
[2024-10-15 05:53:33] Received authentication request from queued player 76561199553704069[0] "gordon_lol2"
[2024-10-15 05:53:33] Submitted Steam authentication request for queued player 76561199553704069[0] "gordon_lol2"
[2024-10-15 05:53:35] Accepting queued player 76561199553704069[0] "gordon_lol2"
[2024-10-15 05:53:35] BattlEye Print: Player #21 gordon_lol2 (37.215.30.204:3071) connected
[2024-10-15 05:53:35] BattlEye Print: Player #21 gordon_lol2 - BE GUID: d0b867b9e78b5bef83e243a3830705a9
[2024-10-15 05:53:35] Connecting: PlayerID: 76561199553704069 Name: gordon_lol2 Character: тимур
[2024-10-15 05:53:45] Removing player steamid:76561199712028521 after graceful disconnect message
[2024-10-15 05:53:45] Disconnecting: PlayerID: 76561199712028521 Name: hemish950 Character: hemish950
[2024-10-15 05:53:45] BattlEye Print: Player #13 hemish950 disconnected
[2024-10-15 05:54:13] Removing player steamid:76561199487535201 after graceful disconnect message
[2024-10-15 05:54:13] Disconnecting: PlayerID: 76561199487535201 Name: Joseph Stalin Character: KikiSoyBoy
[2024-10-15 05:54:13] BattlEye Print: Player #17 Joseph Stalin disconnected
[2024-10-15 05:54:17] Removing player steamid:76561199439557173 after graceful disconnect message
[2024-10-15 05:54:17] Disconnecting: PlayerID: 76561199439557173 Name: ConsumerOfFood Character: ConsumerOfFood
[2024-10-15 05:54:17] BattlEye Print: Player #16 ConsumerOfFood disconnected
[2024-10-15 05:57:41] Added 76561199616343844[0] "aaphiooos" to queue position 0 (shouldVerify: True)
[2024-10-15 05:57:41] Sending verification request to queued player 76561199616343844[0] "aaphiooos"
[2024-10-15 05:57:41] Received authentication request from queued player 76561199616343844[0] "aaphiooos"
[2024-10-15 05:57:41] Submitted Steam authentication request for queued player 76561199616343844[0] "aaphiooos"
[2024-10-15 05:57:42] Accepting queued player 76561199616343844[0] "aaphiooos"
[2024-10-15 05:57:42] BattlEye Print: Player #22 aaphiooos (222.127.190.128:17870) connected
[2024-10-15 05:57:42] BattlEye Print: Player #22 aaphiooos - BE GUID: 23dff79f57e20292f5b9c5ea8372ee26
[2024-10-15 05:57:42] Connecting: PlayerID: 76561199616343844 Name: aaphiooos Character: aaphiooos
[2024-10-15 05:57:43] Added 76561199787420507[0] "abanesroseann1990" to queue position 0 (shouldVerify: True)
[2024-10-15 05:57:43] Sending verification request to queued player 76561199787420507[0] "abanesroseann1990"
[2024-10-15 05:57:43] Received authentication request from queued player 76561199787420507[0] "abanesroseann1990"
[2024-10-15 05:57:43] Submitted Steam authentication request for queued player 76561199787420507[0] "abanesroseann1990"
[2024-10-15 05:57:44] Accepting queued player 76561199787420507[0] "abanesroseann1990"
[2024-10-15 05:57:44] BattlEye Print: Player #23 abanesroseann1990 (222.127.190.128:17887) connected
[2024-10-15 05:57:44] BattlEye Print: Player #23 abanesroseann1990 - BE GUID: 5d5611aacb56918be293f2172d271941
[2024-10-15 05:57:44] Connecting: PlayerID: 76561199787420507 Name: abanesroseann1990 Character: abanesroseann1990
[2024-10-15 05:59:19] Removing player steamid:76561198083716522 due to transport failure (ClosedByPeer Reason: 2999 Message: "Application closed connection")
[2024-10-15 05:59:19] Disconnecting: PlayerID: 76561198083716522 Name: Cooljayy20 Character: Cooljayy16
[2024-10-15 05:59:19] BattlEye Print: Player #8 Cooljayy20 disconnected
[2024-10-15 05:59:29] Removing player steamid:76561199553704069 after graceful disconnect message
[2024-10-15 05:59:29] Disconnecting: PlayerID: 76561199553704069 Name: gordon_lol2 Character: тимур
[2024-10-15 05:59:29] BattlEye Print: Player #21 gordon_lol2 disconnected
[2024-10-15 05:59:57] Removing player steamid:76561198208815343 after graceful disconnect message
[2024-10-15 05:59:57] Disconnecting: PlayerID: 76561198208815343 Name: P_J_B Alex Character: alejandro
[2024-10-15 05:59:57] BattlEye Print: Player #9 P_J_B Alex disconnected
[2024-10-15 06:00:21] Successfully saved the game.
[2024-10-15 06:00:35] Added 76561199467354954[0] "blackxcaliber4" to queue position 0 (shouldVerify: True)
[2024-10-15 06:00:35] Sending verification request to queued player 76561199467354954[0] "blackxcaliber4"
[2024-10-15 06:00:36] Received authentication request from queued player 76561199467354954[0] "blackxcaliber4"
[2024-10-15 06:00:36] Submitted Steam authentication request for queued player 76561199467354954[0] "blackxcaliber4"
[2024-10-15 06:00:37] Accepting queued player 76561199467354954[0] "blackxcaliber4"
[2024-10-15 06:00:37] BattlEye Print: Player #24 blackxcaliber4 (73.181.245.98:60210) connected
[2024-10-15 06:00:37] BattlEye Print: Player #24 blackxcaliber4 - BE GUID: a3bdfc6d80626bca8b219d4f83192af5
[2024-10-15 06:00:37] Connecting: PlayerID: 76561199467354954 Name: blackxcaliber4 Character: blackxcaliber4
[2024-10-15 06:00:47] Added 76561199084235894[0] "mt.freeze2.0" to queue position 0 (shouldVerify: True)
[2024-10-15 06:00:47] Sending verification request to queued player 76561199084235894[0] "mt.freeze2.0"
[2024-10-15 06:00:47] Received authentication request from queued player 76561199084235894[0] "mt.freeze2.0"
[2024-10-15 06:00:47] Submitted Steam authentication request for queued player 76561199084235894[0] "mt.freeze2.0"
[2024-10-15 06:00:48] Accepting queued player 76561199084235894[0] "mt.freeze2.0"
[2024-10-15 06:00:48] BattlEye Print: Player #25 mt.freeze2.0 (192.173.164.23:57528) connected
[2024-10-15 06:00:48] BattlEye Print: Player #25 mt.freeze2.0 - BE GUID: 04a754dfbd603cdf432386a19f0a9e04
[2024-10-15 06:00:48] Connecting: PlayerID: 76561199084235894 Name: mt.freeze2.0 Character: mt.freeze2.0
[2024-10-15 06:03:05] Added 76561199553704069[0] "gordon_lol2" to queue position 0 (shouldVerify: True)
[2024-10-15 06:03:05] Sending verification request to queued player 76561199553704069[0] "gordon_lol2"
[2024-10-15 06:03:05] Received authentication request from queued player 76561199553704069[0] "gordon_lol2"
[2024-10-15 06:03:05] Submitted Steam authentication request for queued player 76561199553704069[0] "gordon_lol2"
[2024-10-15 06:03:06] Accepting queued player 76561199553704069[0] "gordon_lol2"
[2024-10-15 06:03:06] BattlEye Print: Player #26 gordon_lol2 (37.215.30.204:62669) connected
[2024-10-15 06:03:06] BattlEye Print: Player #26 gordon_lol2 - BE GUID: d0b867b9e78b5bef83e243a3830705a9
[2024-10-15 06:03:06] Connecting: PlayerID: 76561199553704069 Name: gordon_lol2 Character: тимур
[2024-10-15 06:06:04] Removing player steamid:76561199685222412 after graceful disconnect message
[2024-10-15 06:06:04] Disconnecting: PlayerID: 76561199685222412 Name: paulinhanohvc06 Character: Paulo
[2024-10-15 06:06:04] BattlEye Print: Player #19 paulinhanohvc06 disconnected
[2024-10-15 06:07:56] Removing player steamid:76561199787420507 after graceful disconnect message
[2024-10-15 06:07:56] Disconnecting: PlayerID: 76561199787420507 Name: abanesroseann1990 Character: abanesroseann1990
[2024-10-15 06:07:56] BattlEye Print: Player #23 abanesroseann1990 disconnected
[2024-10-15 06:08:31] Removing player steamid:76561199616343844 after graceful disconnect message
[2024-10-15 06:08:31] Disconnecting: PlayerID: 76561199616343844 Name: aaphiooos Character: aaphiooos
[2024-10-15 06:08:31] BattlEye Print: Player #22 aaphiooos disconnected
[2024-10-15 06:09:10] Player finished session: 76561198969130864
[2024-10-15 06:09:10] Disconnecting: PlayerID: 76561198969130864 Name: envy Character: [찬 씨족] envy
[2024-10-15 06:09:10] BattlEye Print: Player #18 envy disconnected
[2024-10-15 06:10:08] Successfully saved the game.
[2024-10-15 06:10:36] Added 76561198818316809[0] "Milk Man" to queue position 0 (shouldVerify: True)
[2024-10-15 06:10:36] Sending verification request to queued player 76561198818316809[0] "Milk Man"
[2024-10-15 06:10:37] Received authentication request from queued player 76561198818316809[0] "Milk Man"
[2024-10-15 06:10:37] Submitted Steam authentication request for queued player 76561198818316809[0] "Milk Man"
[2024-10-15 06:10:38] Accepting queued player 76561198818316809[0] "Milk Man"
[2024-10-15 06:10:38] BattlEye Print: Player #27 Milk Man (203.221.88.34:53351) connected
[2024-10-15 06:10:38] BattlEye Print: Player #27 Milk Man - BE GUID: af31796b6211c2a4c065e26627148d3d
[2024-10-15 06:10:38] Connecting: PlayerID: 76561198818316809 Name: Milk Man Character: Milk
[2024-10-15 06:13:32] Removing player steamid:76561198818316809 after graceful disconnect message
[2024-10-15 06:13:32] Disconnecting: PlayerID: 76561198818316809 Name: Milk Man Character: Milk
[2024-10-15 06:13:32] BattlEye Print: Player #27 Milk Man disconnected
[2024-10-15 06:15:14] Removing player steamid:76561199467354954 after graceful disconnect message
[2024-10-15 06:15:14] Disconnecting: PlayerID: 76561199467354954 Name: blackxcaliber4 Character: blackxcaliber4
[2024-10-15 06:15:14] BattlEye Print: Player #24 blackxcaliber4 disconnected
[2024-10-15 06:15:19] Removing player steamid:76561199084235894 due to transport failure (ClosedByPeer Reason: 2999 Message: "Application closed connection")
[2024-10-15 06:15:19] Disconnecting: PlayerID: 76561199084235894 Name: mt.freeze2.0 Character: mt.freeze2.0
[2024-10-15 06:15:19] BattlEye Print: Player #25 mt.freeze2.0 disconnected
[2024-10-15 06:16:05] Removing player steamid:76561198929552743 after graceful disconnect message
[2024-10-15 06:16:05] Disconnecting: PlayerID: 76561198929552743 Name: Nanquitas Character: ImSmile
[2024-10-15 06:16:05] BattlEye Print: Player #15 Nanquitas disconnected
[2024-10-15 06:16:14] Removing player steamid:76561198303147602 after graceful disconnect message
[2024-10-15 06:16:14] Disconnecting: PlayerID: 76561198303147602 Name: ⎝⧹ Vinva ⧸⎠ Character: Vinva
[2024-10-15 06:16:14] BattlEye Print: Player #20 ⎝⧹ Vinva ⧸⎠ disconnected
[2024-10-15 06:17:34] Weather DefaultRain starting for 869.6038 seconds
[2024-10-15 06:20:17] Successfully saved the game.
[2024-10-15 06:25:17] Added 76561199123402507[0] "GregexPlays" to queue position 0 (shouldVerify: True)
[2024-10-15 06:25:17] Sending verification request to queued player 76561199123402507[0] "GregexPlays"
[2024-10-15 06:25:17] Received authentication request from queued player 76561199123402507[0] "GregexPlays"
[2024-10-15 06:25:17] Submitted Steam authentication request for queued player 76561199123402507[0] "GregexPlays"
[2024-10-15 06:25:18] Accepting queued player 76561199123402507[0] "GregexPlays"
[2024-10-15 06:25:18] BattlEye Print: Player #27 GregexPlays (50.37.184.99:55660) connected
[2024-10-15 06:25:18] BattlEye Print: Player #27 GregexPlays - BE GUID: 3248d11336e306871bdd2a7fd3885b9c
[2024-10-15 06:25:18] Connecting: PlayerID: 76561199123402507 Name: GregexPlays Character: GregexPlays
[2024-10-15 06:26:30] Added 76561199205567850[0] "FIMINISTKA" to queue position 0 (shouldVerify: True)
[2024-10-15 06:26:30] Sending verification request to queued player 76561199205567850[0] "FIMINISTKA"
[2024-10-15 06:26:31] Received authentication request from queued player 76561199205567850[0] "FIMINISTKA"
[2024-10-15 06:26:31] Submitted Steam authentication request for queued player 76561199205567850[0] "FIMINISTKA"
[2024-10-15 06:26:32] Accepting queued player 76561199205567850[0] "FIMINISTKA"
[2024-10-15 06:26:32] BattlEye Print: Player #28 FIMINISTKA (46.219.228.25:16477) connected
[2024-10-15 06:26:32] BattlEye Print: Player #28 FIMINISTKA - BE GUID: 1b0c5b3180781584f68ba3b3d5417870
[2024-10-15 06:26:32] Connecting: PlayerID: 76561199205567850 Name: FIMINISTKA Character: Кукушка
[2024-10-15 06:26:32] BoxColliders does not support negative scale or size.
The effective box size has been forced positive and is likely to give unexpected collision geometry.
If you absolutely need to use negative scaling you can use the convex MeshCollider. Scene hierarchy path "Кукушка [FIMINISTKA]/Third/Skeleton/Left_Hip/Left_Leg"
[2024-10-15 06:26:32] BoxColliders does not support negative scale or size.
The effective box size has been forced positive and is likely to give unexpected collision geometry.
If you absolutely need to use negative scaling you can use the convex MeshCollider. Scene hierarchy path "Кукушка [FIMINISTKA]/Third/Skeleton/Right_Hip/Right_Leg"
[2024-10-15 06:26:32] BoxColliders does not support negative scale or size.
The effective box size has been forced positive and is likely to give unexpected collision geometry.
If you absolutely need to use negative scaling you can use the convex MeshCollider. Scene hierarchy path "Кукушка [FIMINISTKA]/Third/Skeleton/Spine/Left_Shoulder/Left_Arm"
[2024-10-15 06:26:32] BoxColliders does not support negative scale or size.
The effective box size has been forced positive and is likely to give unexpected collision geometry.
If you absolutely need to use negative scaling you can use the convex MeshCollider. Scene hierarchy path "Кукушка [FIMINISTKA]/Third/Skeleton/Spine/Right_Shoulder/Right_Arm"
[2024-10-15 06:26:32] BoxColliders does not support negative scale or size.
The effective box size has been forced positive and is likely to give unexpected collision geometry.
If you absolutely need to use negative scaling you can use the convex MeshCollider. Scene hierarchy path "Кукушка [FIMINISTKA]/Third/Skeleton/Spine/Skull"
[2024-10-15 06:26:32] BoxColliders does not support negative scale or size.
The effective box size has been forced positive and is likely to give unexpected collision geometry.
If you absolutely need to use negative scaling you can use the convex MeshCollider. Scene hierarchy path "Кукушка [FIMINISTKA]/Third/Skeleton/Spine"
[2024-10-15 06:27:11] Added 76561199134317079[0] "Ярик в жопе шарик" to queue position 0 (shouldVerify: True)
[2024-10-15 06:27:11] Sending verification request to queued player 76561199134317079[0] "Ярик в жопе шарик"
[2024-10-15 06:27:11] Received authentication request from queued player 76561199134317079[0] "Ярик в жопе шарик"
[2024-10-15 06:27:11] Submitted Steam authentication request for queued player 76561199134317079[0] "Ярик в жопе шарик"
[2024-10-15 06:27:12] Accepting queued player 76561199134317079[0] "Ярик в жопе шарик"
[2024-10-15 06:27:12] BattlEye Print: Player #29 Ярик в жопе шарик (141.226.14.28:2945) connected
[2024-10-15 06:27:12] BattlEye Print: Player #29 Ярик в жопе шарик - BE GUID: dcfbdf05bf593fd6f6a22a41b702d8a4
[2024-10-15 06:27:12] Connecting: PlayerID: 76561199134317079 Name: Ярик в жопе шарик Character: danielka
[2024-10-15 06:28:03] Removing player steamid:76561199205567850 after graceful disconnect message
[2024-10-15 06:28:03] Disconnecting: PlayerID: 76561199205567850 Name: FIMINISTKA Character: Кукушка
[2024-10-15 06:28:03] BattlEye Print: Player #28 FIMINISTKA disconnected
[2024-10-15 06:28:04] Removing player steamid:76561199134317079 after graceful disconnect message
[2024-10-15 06:28:04] Disconnecting: PlayerID: 76561199134317079 Name: Ярик в жопе шарик Character: danielka
[2024-10-15 06:28:04] BattlEye Print: Player #29 Ярик в жопе шарик disconnected
[2024-10-15 06:30:04] Removing player steamid:76561198290444948 after graceful disconnect message
[2024-10-15 06:30:04] Disconnecting: PlayerID: 76561198290444948 Name: zbt.com ReyKenley tradeit.gg Character: "Rey Kenley"
[2024-10-15 06:30:04] BattlEye Print: Player #1 zbt.com ReyKenley tradeit.gg disconnected
[2024-10-15 06:30:19] Successfully saved the game.
[2024-10-15 06:30:35] Removing player steamid:76561199123402507 after graceful disconnect message
[2024-10-15 06:30:35] Disconnecting: PlayerID: 76561199123402507 Name: GregexPlays Character: GregexPlays
[2024-10-15 06:30:35] BattlEye Print: Player #27 GregexPlays disconnected
[2024-10-15 06:32:03] Weather DefaultRain ending
[2024-10-15 06:32:03] Weather HeavyRain forecast in 8792.023 seconds
[2024-10-15 06:33:21] Incremented date counter: 478
[2024-10-15 06:40:26] Successfully saved the game.
[2024-10-15 06:40:33] Added 76561198290444948[0] "zbt.com ReyKenley tradeit.gg" to queue position 0 (shouldVerify: True)
[2024-10-15 06:40:33] Sending verification request to queued player 76561198290444948[0] "zbt.com ReyKenley tradeit.gg"
[2024-10-15 06:40:33] Received authentication request from queued player 76561198290444948[0] "zbt.com ReyKenley tradeit.gg"
[2024-10-15 06:40:33] Submitted Steam authentication request for queued player 76561198290444948[0] "zbt.com ReyKenley tradeit.gg"
[2024-10-15 06:40:33] Submitted Steam group request for queued player 76561198290444948[0] "zbt.com ReyKenley tradeit.gg"
[2024-10-15 06:40:35] Accepting queued player 76561198290444948[0] "zbt.com ReyKenley tradeit.gg"
[2024-10-15 06:40:35] BattlEye Print: Player #27 zbt.com ReyKenley tradeit.gg (119.111.133.170:52982) connected
[2024-10-15 06:40:35] BattlEye Print: Player #27 zbt.com ReyKenley tradeit.gg - BE GUID: 570644d15be8e7a893e5f1fc73f99866
[2024-10-15 06:40:35] Connecting: PlayerID: 76561198290444948 Name: zbt.com ReyKenley tradeit.gg Character: "Rey Kenley"
[2024-10-15 06:47:45] Added 76561198937179382[0] "taguro12" to queue position 0 (shouldVerify: True)
[2024-10-15 06:47:45] Sending verification request to queued player 76561198937179382[0] "taguro12"
[2024-10-15 06:47:46] Received authentication request from queued player 76561198937179382[0] "taguro12"
[2024-10-15 06:47:46] Submitted Steam authentication request for queued player 76561198937179382[0] "taguro12"
[2024-10-15 06:47:47] Accepting queued player 76561198937179382[0] "taguro12"
[2024-10-15 06:47:47] BattlEye Print: Player #28 taguro12 (180.190.188.106:61406) connected
[2024-10-15 06:47:47] BattlEye Print: Player #28 taguro12 - BE GUID: 87dda1e6832dfed4e5b0b4bb781a0c14
[2024-10-15 06:47:47] Connecting: PlayerID: 76561198937179382 Name: taguro12 Character: V.S | Vortex
[2024-10-15 06:48:31] Removing player steamid:76561198290444948 after graceful disconnect message
[2024-10-15 06:48:31] Disconnecting: PlayerID: 76561198290444948 Name: zbt.com ReyKenley tradeit.gg Character: "Rey Kenley"
[2024-10-15 06:48:31] BattlEye Print: Player #27 zbt.com ReyKenley tradeit.gg disconnected
[2024-10-15 06:49:28] Removing player steamid:76561198323663846 after graceful disconnect message
[2024-10-15 06:49:28] Disconnecting: PlayerID: 76561198323663846 Name: LemonInDisguise Character: LemonInDisguise
[2024-10-15 06:49:28] BattlEye Print: Player #11 LemonInDisguise disconnected
[2024-10-15 06:50:28] Successfully saved the game.
[2024-10-15 06:52:24] Removing player steamid:76561198937179382 after graceful disconnect message
[2024-10-15 06:52:24] Disconnecting: PlayerID: 76561198937179382 Name: taguro12 Character: V.S | Vortex
[2024-10-15 06:52:24] BattlEye Print: Player #28 taguro12 disconnected
[2024-10-15 07:00:11] Successfully saved the game.
[2024-10-15 07:10:20] Successfully saved the game.
[2024-10-15 07:20:25] Successfully saved the game.
[2024-10-15 07:30:11] Successfully saved the game.
[2024-10-15 07:33:21] Incremented date counter: 479
[2024-10-15 07:34:53] Added 76561198392592380[0] "TueurDeMort" to queue position 0 (shouldVerify: True)
[2024-10-15 07:34:53] Sending verification request to queued player 76561198392592380[0] "TueurDeMort"
[2024-10-15 07:34:54] Received authentication request from queued player 76561198392592380[0] "TueurDeMort"
[2024-10-15 07:34:54] Submitted Steam authentication request for queued player 76561198392592380[0] "TueurDeMort"
[2024-10-15 07:34:55] Accepting queued player 76561198392592380[0] "TueurDeMort"
[2024-10-15 07:34:55] BattlEye Print: Player #27 TueurDeMort (176.88.136.204:31898) connected
[2024-10-15 07:34:55] BattlEye Print: Player #27 TueurDeMort - BE GUID: cc940b1c243d886a879ebaa71303a8dc
[2024-10-15 07:34:55] Connecting: PlayerID: 76561198392592380 Name: TueurDeMort Character: TueurDeMort
[2024-10-15 07:40:18] Successfully saved the game.
[2024-10-15 07:40:44] Removing player steamid:76561199553704069 due to transport failure (ClosedByPeer Reason: 2999 Message: "Application closed connection")
[2024-10-15 07:40:44] Disconnecting: PlayerID: 76561199553704069 Name: gordon_lol2 Character: тимур
[2024-10-15 07:40:44] BattlEye Print: Player #26 gordon_lol2 disconnected
[2024-10-15 07:50:22] Successfully saved the game.
[2024-10-15 07:55:03] Added 76561198075897932[0] "Captain Fatbelly" to queue position 0 (shouldVerify: True)
[2024-10-15 07:55:03] Sending verification request to queued player 76561198075897932[0] "Captain Fatbelly"
[2024-10-15 07:55:03] Received authentication request from queued player 76561198075897932[0] "Captain Fatbelly"
[2024-10-15 07:55:03] Submitted Steam authentication request for queued player 76561198075897932[0] "Captain Fatbelly"
[2024-10-15 07:55:04] Accepting queued player 76561198075897932[0] "Captain Fatbelly"
[2024-10-15 07:55:04] BattlEye Print: Player #28 Captain Fatbelly (73.157.85.166:49842) connected
[2024-10-15 07:55:04] BattlEye Print: Player #28 Captain Fatbelly - BE GUID: c1ca7724d3c334fc7ddccc805cf4b2f3
[2024-10-15 07:55:04] Connecting: PlayerID: 76561198075897932 Name: Captain Fatbelly Character: Capt. Fatbelly
[2024-10-15 07:55:08] 76561198075897932[0] "Captain Fatbelly" turned on spectator stats overlay admin mode
[2024-10-15 07:55:37] Successfully taking a screenshot of TueurDeMort.
[2024-10-15 07:55:43] Kicking player 76561198075897932 because "unspecified"
[2024-10-15 07:55:43] BattlEye Print: Player #28 Captain Fatbelly disconnected
[2024-10-15 07:55:43] Successfully kicked Captain Fatbelly!
[2024-10-15 08:00:25] Successfully saved the game.
