[2024-10-25 19:45:34] Reflect net invokables: 32ms
[2024-10-25 19:45:34] Scheduled CHRISTMAS from 12/7/2024 12:00:00 AM to 1/2/2025 12:00:00 PM local time (12/7/2024 8:00:00 AM to 1/2/2025 8:00:00 PM UTC)
[2024-10-25 19:45:34] Scheduled HALLOWEEN from 10/20/2024 12:00:00 AM to 11/1/2024 12:00:00 PM local time (10/20/2024 7:00:00 AM to 11/1/2024 7:00:00 PM UTC)
[2024-10-25 19:45:34] Scheduled VALENTINES from 2/14/2024 12:00:00 AM to 2/14/2024 11:59:59 PM local time (2/14/2024 8:00:00 AM to 2/15/2024 7:59:59 AM UTC)
[2024-10-25 19:45:34] Scheduled APRIL_FOOLS from 4/1/2024 12:00:00 AM to 4/1/2024 11:59:59 PM local time (4/1/2024 7:00:00 AM to 4/2/2024 6:59:59 AM UTC)
[2024-10-25 19:45:34] Scheduled PRIDE_MONTH from 6/1/2024 12:00:00 AM to 6/30/2024 11:59:59 PM local time (6/1/2024 7:00:00 AM to 7/1/2024 6:59:59 AM UTC)
[2024-10-25 19:45:34] Unturned overriding Steam AppId with "304930"
[2024-10-25 19:45:34] Game version: 3.24.6.1 Engine version: 2021.3.29f1
[2024-10-25 19:45:34] Executing 5 potential game command(s) from the command-line:
[2024-10-25 19:45:34] Did not match "nographics" with any commands
[2024-10-25 19:45:34] Did not match "batchmode" with any commands
[2024-10-25 19:45:34] Successfully bound IP to 170.39.215.177!
[2024-10-25 19:45:34] Successfully set port to 27215!
[2024-10-25 19:45:34] Successfully set max players to 30!
[2024-10-25 19:45:34] Successfully bound IP to 170.39.215.177!
[2024-10-25 19:45:34] Successfully set port to 27215!
[2024-10-25 19:45:34] Successfully set name to Washington Vanilla+!
[2024-10-25 19:45:34] Successfully set welcome message to Join the server's Discord from the main menu OR via the UPDATED code: QjJhTgsAH7!
[2024-10-25 19:45:34] Successfully set chatrate to 0!
[2024-10-25 19:45:34] Successfully set cycle to 2880!
[2024-10-25 19:45:34] Successfully set map to Washington!
[2024-10-25 19:45:34] Successfully set gamemode to normal!
[2024-10-25 19:45:34] Successfully set owner to 76561198075897932!
[2024-10-25 19:45:34] Successfully disabled password!
[2024-10-25 19:45:34] Successfully set perspective to both!
[2024-10-25 19:45:34] Successfully set queue size to 5!
[2024-10-25 19:45:34] Successfully set timeout to 500!
[2024-10-25 19:45:34] Successfully set log!
[2024-10-25 19:45:34] Successfully enabled cheats.
[2024-10-25 19:45:34] Successfully hid admins.
[2024-10-25 19:45:34] Successfully set voting configuration!
[2024-10-25 19:45:34] Platform: WindowsServer
[2024-10-25 19:45:34] Operating System: Windows 10  (10.0.20348) 64bit
[2024-10-25 19:45:34] System Memory: 130996MB
[2024-10-25 19:45:35] Vanilla Built-in Assets added asset search location "D:\TCAFiles\Users\codyl1\8557299\Bundles"
[2024-10-25 19:45:35] Server Common (Legacy) added asset search location "D:\TCAFiles\Users\codyl1\8557299\Bundles\Workshop\Content"
[2024-10-25 19:45:35] Per-Server (Legacy) added asset search location "D:\TCAFiles\Users\codyl1\8557299\Servers\Saved\Workshop\Content"
[2024-10-25 19:45:35] Per-Server (Legacy) added asset search location "D:\TCAFiles\Users\codyl1\8557299\Servers\Saved\Bundles"
[2024-10-25 19:45:35] Discovered level "Alpha Valley" at "D:\TCAFiles\Users\codyl1\8557299\Maps\Alpha Valley"
[2024-10-25 19:45:35] Discovered level "Destruction" at "D:\TCAFiles\Users\codyl1\8557299\Maps\Destruction"
[2024-10-25 19:45:35] Discovered level "Germany" at "D:\TCAFiles\Users\codyl1\8557299\Maps\Germany"
[2024-10-25 19:45:35] Discovered level "Monolith" at "D:\TCAFiles\Users\codyl1\8557299\Maps\Monolith"
[2024-10-25 19:45:35] Discovered level "Paintball_Arena_0" at "D:\TCAFiles\Users\codyl1\8557299\Maps\Paintball_Arena_0"
[2024-10-25 19:45:35] Discovered level "PEI" at "D:\TCAFiles\Users\codyl1\8557299\Maps\PEI"
[2024-10-25 19:45:35] Discovered level "Russia" at "D:\TCAFiles\Users\codyl1\8557299\Maps\Russia"
[2024-10-25 19:45:35] Discovered level "Tutorial" at "D:\TCAFiles\Users\codyl1\8557299\Maps\Tutorial"
[2024-10-25 19:45:35] Discovered level "Washington" at "D:\TCAFiles\Users\codyl1\8557299\Maps\Washington"
[2024-10-25 19:45:35] Discovered level "Yukon" at "D:\TCAFiles\Users\codyl1\8557299\Maps\Yukon"
[2024-10-25 19:45:35] Searched 3 of 4 locations and found 895 asset files...
[2024-10-25 19:45:35] Read 0 of 895 asset file contents into memory...
[2024-10-25 19:45:35] Loaded 0 of 895 assets...
[2024-10-25 19:45:35] Searched 3 of 4 locations and found 1812 asset files...
[2024-10-25 19:45:35] Read 0 of 1812 asset file contents into memory...
[2024-10-25 19:45:35] Loaded 0 of 1812 assets...
[2024-10-25 19:45:35] Searched 3 of 4 locations and found 2510 asset files...
[2024-10-25 19:45:35] Read 0 of 2510 asset file contents into memory...
[2024-10-25 19:45:35] Loaded 0 of 2510 assets...
[2024-10-25 19:45:35] Searched 3 of 4 locations and found 3379 asset files...
[2024-10-25 19:45:35] Read 0 of 3379 asset file contents into memory...
[2024-10-25 19:45:35] Loaded 0 of 3379 assets...
[2024-10-25 19:45:35] Searched 3 of 4 locations and found 4384 asset files...
[2024-10-25 19:45:35] Read 0 of 4384 asset file contents into memory...
[2024-10-25 19:45:35] Loaded 0 of 4384 assets...
[2024-10-25 19:45:35] Searched 3 of 4 locations and found 5279 asset files...
[2024-10-25 19:45:35] Read 0 of 5279 asset file contents into memory...
[2024-10-25 19:45:35] Loaded 0 of 5279 assets...
[2024-10-25 19:45:35] Searched 4 of 4 locations and found 5507 asset files...
[2024-10-25 19:45:35] Read 0 of 5507 asset file contents into memory...
[2024-10-25 19:45:35] Loaded 0 of 5507 assets...
[2024-10-25 19:45:35] Loading asset bundle "core.masterbundle" from "D:\TCAFiles\Users\codyl1\8557299\Bundles"...
[2024-10-25 19:45:35] Loaded 0 of 1 asset bundles...
[2024-10-25 19:45:35] Read 152 of 5507 asset file contents into memory...
[2024-10-25 19:45:35] Read 329 of 5507 asset file contents into memory...
[2024-10-25 19:45:35] Read 572 of 5507 asset file contents into memory...
[2024-10-25 19:45:35] Read 720 of 5507 asset file contents into memory...
[2024-10-25 19:45:35] Read 902 of 5507 asset file contents into memory...
[2024-10-25 19:45:35] Read 1119 of 5507 asset file contents into memory...
[2024-10-25 19:45:35] Read 1290 of 5507 asset file contents into memory...
[2024-10-25 19:45:35] Read 1509 of 5507 asset file contents into memory...
[2024-10-25 19:45:36] Read 1698 of 5507 asset file contents into memory...
[2024-10-25 19:45:36] Read 1913 of 5507 asset file contents into memory...
[2024-10-25 19:45:36] Read 2097 of 5507 asset file contents into memory...
[2024-10-25 19:45:36] Read 2256 of 5507 asset file contents into memory...
[2024-10-25 19:45:36] Read 2438 of 5507 asset file contents into memory...
[2024-10-25 19:45:36] Read 2681 of 5507 asset file contents into memory...
[2024-10-25 19:45:36] Read 2969 of 5507 asset file contents into memory...
[2024-10-25 19:45:36] Read 3236 of 5507 asset file contents into memory...
[2024-10-25 19:45:36] Read 3510 of 5507 asset file contents into memory...
[2024-10-25 19:45:36] Read 3770 of 5507 asset file contents into memory...
[2024-10-25 19:45:36] Read 4039 of 5507 asset file contents into memory...
[2024-10-25 19:45:36] Read 4255 of 5507 asset file contents into memory...
[2024-10-25 19:45:36] Read 4408 of 5507 asset file contents into memory...
[2024-10-25 19:45:36] Read 4554 of 5507 asset file contents into memory...
[2024-10-25 19:45:36] Read 4703 of 5507 asset file contents into memory...
[2024-10-25 19:45:36] Read 4873 of 5507 asset file contents into memory...
[2024-10-25 19:45:36] Read 5037 of 5507 asset file contents into memory...
[2024-10-25 19:45:36] Read 5201 of 5507 asset file contents into memory...
[2024-10-25 19:45:36] Read 5356 of 5507 asset file contents into memory...
[2024-10-25 19:45:36] Read 5507 of 5507 asset file contents into memory...
[2024-10-25 19:45:41] Loading asset bundle "core.masterbundle" from "D:\TCAFiles\Users\codyl1\8557299\Bundles" took 5.376406s
[2024-10-25 19:45:41] Loaded 1 of 1 asset bundles...
[2024-10-25 19:45:41] Loaded 5 of 5507 assets...
[2024-10-25 19:45:41] Loaded 160 of 5507 assets...
[2024-10-25 19:45:41] Loaded 192 of 5507 assets...
[2024-10-25 19:45:41] Loaded 228 of 5507 assets...
[2024-10-25 19:45:41] Loaded 370 of 5507 assets...
[2024-10-25 19:45:41] Loaded 432 of 5507 assets...
[2024-10-25 19:45:41] Loaded 581 of 5507 assets...
[2024-10-25 19:45:41] Loaded 632 of 5507 assets...
[2024-10-25 19:45:41] Loaded 667 of 5507 assets...
[2024-10-25 19:45:41] Loaded 709 of 5507 assets...
[2024-10-25 19:45:41] Loaded 759 of 5507 assets...
[2024-10-25 19:45:41] Loaded 802 of 5507 assets...
[2024-10-25 19:45:41] Loaded 1054 of 5507 assets...
[2024-10-25 19:45:41] Loaded 1162 of 5507 assets...
[2024-10-25 19:45:41] Loaded 1181 of 5507 assets...
[2024-10-25 19:45:41] Loaded 1202 of 5507 assets...
[2024-10-25 19:45:41] Loaded 1480 of 5507 assets...
[2024-10-25 19:45:41] Loaded 1614 of 5507 assets...
[2024-10-25 19:45:41] Loaded 1878 of 5507 assets...
[2024-10-25 19:45:42] Loaded 2078 of 5507 assets...
[2024-10-25 19:45:42] Loaded 2134 of 5507 assets...
[2024-10-25 19:45:42] Loaded 2237 of 5507 assets...
[2024-10-25 19:45:42] Loaded 3596 of 5507 assets...
[2024-10-25 19:45:42] Loaded 5279 of 5507 assets...
[2024-10-25 19:45:42] Loaded 5507 of 5507 assets...
[2024-10-25 19:45:42] Linking blueprints...
[2024-10-25 19:45:42] Linking spawns...
[2024-10-25 19:45:42] Loading miscellaneous...
[2024-10-25 19:45:42] Loading all assets took 7.3533622s
[2024-10-25 19:45:42] Loading BattlEye server library from: D:\TCAFiles\Users\codyl1\8557299/BattlEye/BEServer_x64.dll
[2024-10-25 19:45:42] BattlEye Print: Initialized (v1.218)
[2024-10-25 19:45:42] Using login token
[2024-10-25 19:45:42] Initializing ServerTransport_SteamNetworkingSockets
[2024-10-25 19:45:42] Server listen socket bound to 170.39.215.177:27216
[2024-10-25 19:45:42] Server P2P listen socket: 196610
[2024-10-25 19:45:42] Waiting for Steam servers...
[2024-10-25 19:45:42] Readiness to participate in authenticated communications changed to k_ESteamNetworkingAvailability_Waiting "Waiting for Steam login"
[2024-10-25 19:45:43] Steam servers ready!
[2024-10-25 19:45:43] Workshop install folder: D:\TCAFiles\Users\codyl1\8557299/Servers/Saved/Workshop/Steam
[2024-10-25 19:45:43] 0 workshop item(s) requested
[2024-10-25 19:45:43] Link spawns: 0 children, 826 sorted/normalized and 749 parents
[2024-10-25 19:45:43] Adding 5507 asset(s) from origin Vanilla Built-in Assets to server mapping
[2024-10-25 19:45:43] Server registered 41 Unity physics material names with 24 unique IDs (5 bits)
[2024-10-25 19:45:43] Survival
[2024-10-25 19:45:43] No workshop items to monitor for updates
[2024-10-25 19:45:43] Readiness to participate in authenticated communications changed to k_ESteamNetworkingAvailability_Attempting "Requesting cert"
[2024-10-25 19:45:43] Loading level: 5%
[2024-10-25 19:45:43] Readiness to participate in authenticated communications changed to k_ESteamNetworkingAvailability_Current "OK"
[2024-10-25 19:45:44] Loading level: 10%
[2024-10-25 19:45:44] Loading level: 15%
[2024-10-25 19:45:44] Loading level: 21%
[2024-10-25 19:45:44] Loading level: 26%
[2024-10-25 19:45:44] Loading level: 31%
[2024-10-25 19:45:44] Loading level: 36%
[2024-10-25 19:45:44] Loading level: 42%
[2024-10-25 19:45:44] Loading level: 47%
[2024-10-25 19:45:44] Loading level: 52%
[2024-10-25 19:45:44] Loading level: 57%
[2024-10-25 19:45:44] Loading level: 63%
[2024-10-25 19:45:44] Found 4096 foliage v2 tiles
[2024-10-25 19:45:44] Found 4 foliage used assets in header
[2024-10-25 19:45:44] Loading 16 landscape tiles
[2024-10-25 19:45:46] Loading level: 68%
[2024-10-25 19:45:46] Auto converting legacy volumes
[2024-10-25 19:45:46] Auto converting legacy nodes
[2024-10-25 19:45:46] Loading level: 73%
[2024-10-25 19:45:46] Loading level: 89%
[2024-10-25 19:45:46] Loading level: 94%
[2024-10-25 19:45:46] BoxColliders does not support negative scale or size.
The effective box size has been forced positive and is likely to give unexpected collision geometry.
If you absolutely need to use negative scaling you can use the convex MeshCollider. Scene hierarchy path "1409/Root/Skeleton/Left_Hip/Left_Leg"
[2024-10-25 19:45:46] BoxColliders does not support negative scale or size.
The effective box size has been forced positive and is likely to give unexpected collision geometry.
If you absolutely need to use negative scaling you can use the convex MeshCollider. Scene hierarchy path "1409/Root/Skeleton/Right_Hip/Right_Leg"
[2024-10-25 19:45:46] BoxColliders does not support negative scale or size.
The effective box size has been forced positive and is likely to give unexpected collision geometry.
If you absolutely need to use negative scaling you can use the convex MeshCollider. Scene hierarchy path "1409/Root/Skeleton/Spine"
[2024-10-25 19:45:46] BoxColliders does not support negative scale or size.
The effective box size has been forced positive and is likely to give unexpected collision geometry.
If you absolutely need to use negative scaling you can use the convex MeshCollider. Scene hierarchy path "1409/Root/Skeleton/Spine/Left_Shoulder/Left_Arm"
[2024-10-25 19:45:46] BoxColliders does not support negative scale or size.
The effective box size has been forced positive and is likely to give unexpected collision geometry.
If you absolutely need to use negative scaling you can use the convex MeshCollider. Scene hierarchy path "1409/Root/Skeleton/Spine/Right_Shoulder/Right_Arm"
[2024-10-25 19:45:46] BoxColliders does not support negative scale or size.
The effective box size has been forced positive and is likely to give unexpected collision geometry.
If you absolutely need to use negative scaling you can use the convex MeshCollider. Scene hierarchy path "1409/Root/Skeleton/Spine/Skull"
[2024-10-25 19:45:46] BoxColliders does not support negative scale or size.
The effective box size has been forced positive and is likely to give unexpected collision geometry.
If you absolutely need to use negative scaling you can use the convex MeshCollider. Scene hierarchy path "1409/Root/Skeleton/Left_Hip/Left_Leg"
[2024-10-25 19:45:46] BoxColliders does not support negative scale or size.
The effective box size has been forced positive and is likely to give unexpected collision geometry.
If you absolutely need to use negative scaling you can use the convex MeshCollider. Scene hierarchy path "1409/Root/Skeleton/Right_Hip/Right_Leg"
[2024-10-25 19:45:46] BoxColliders does not support negative scale or size.
The effective box size has been forced positive and is likely to give unexpected collision geometry.
If you absolutely need to use negative scaling you can use the convex MeshCollider. Scene hierarchy path "1409/Root/Skeleton/Spine"
[2024-10-25 19:45:46] BoxColliders does not support negative scale or size.
The effective box size has been forced positive and is likely to give unexpected collision geometry.
If you absolutely need to use negative scaling you can use the convex MeshCollider. Scene hierarchy path "1409/Root/Skeleton/Spine/Left_Shoulder/Left_Arm"
[2024-10-25 19:45:46] BoxColliders does not support negative scale or size.
The effective box size has been forced positive and is likely to give unexpected collision geometry.
If you absolutely need to use negative scaling you can use the convex MeshCollider. Scene hierarchy path "1409/Root/Skeleton/Spine/Right_Shoulder/Right_Arm"
[2024-10-25 19:45:46] BoxColliders does not support negative scale or size.
The effective box size has been forced positive and is likely to give unexpected collision geometry.
If you absolutely need to use negative scaling you can use the convex MeshCollider. Scene hierarchy path "1409/Root/Skeleton/Spine/Skull"
[2024-10-25 19:45:46] BoxColliders does not support negative scale or size.
The effective box size has been forced positive and is likely to give unexpected collision geometry.
If you absolutely need to use negative scaling you can use the convex MeshCollider. Scene hierarchy path "1409/Root/Skeleton/Left_Hip/Left_Leg"
[2024-10-25 19:45:46] BoxColliders does not support negative scale or size.
The effective box size has been forced positive and is likely to give unexpected collision geometry.
If you absolutely need to use negative scaling you can use the convex MeshCollider. Scene hierarchy path "1409/Root/Skeleton/Right_Hip/Right_Leg"
[2024-10-25 19:45:46] BoxColliders does not support negative scale or size.
The effective box size has been forced positive and is likely to give unexpected collision geometry.
If you absolutely need to use negative scaling you can use the convex MeshCollider. Scene hierarchy path "1409/Root/Skeleton/Spine"
[2024-10-25 19:45:46] BoxColliders does not support negative scale or size.
The effective box size has been forced positive and is likely to give unexpected collision geometry.
If you absolutely need to use negative scaling you can use the convex MeshCollider. Scene hierarchy path "1409/Root/Skeleton/Spine/Left_Shoulder/Left_Arm"
[2024-10-25 19:45:46] BoxColliders does not support negative scale or size.
The effective box size has been forced positive and is likely to give unexpected collision geometry.
If you absolutely need to use negative scaling you can use the convex MeshCollider. Scene hierarchy path "1409/Root/Skeleton/Spine/Right_Shoulder/Right_Arm"
[2024-10-25 19:45:46] BoxColliders does not support negative scale or size.
The effective box size has been forced positive and is likely to give unexpected collision geometry.
If you absolutely need to use negative scaling you can use the convex MeshCollider. Scene hierarchy path "1409/Root/Skeleton/Spine/Skull"
[2024-10-25 19:45:46] BoxColliders does not support negative scale or size.
The effective box size has been forced positive and is likely to give unexpected collision geometry.
If you absolutely need to use negative scaling you can use the convex MeshCollider. Scene hierarchy path "1408/Root/Skeleton/Left_Hip/Left_Leg"
[2024-10-25 19:45:46] BoxColliders does not support negative scale or size.
The effective box size has been forced positive and is likely to give unexpected collision geometry.
If you absolutely need to use negative scaling you can use the convex MeshCollider. Scene hierarchy path "1408/Root/Skeleton/Right_Hip/Right_Leg"
[2024-10-25 19:45:46] BoxColliders does not support negative scale or size.
The effective box size has been forced positive and is likely to give unexpected collision geometry.
If you absolutely need to use negative scaling you can use the convex MeshCollider. Scene hierarchy path "1408/Root/Skeleton/Spine"
[2024-10-25 19:45:46] BoxColliders does not support negative scale or size.
The effective box size has been forced positive and is likely to give unexpected collision geometry.
If you absolutely need to use negative scaling you can use the convex MeshCollider. Scene hierarchy path "1408/Root/Skeleton/Spine/Left_Shoulder/Left_Arm"
[2024-10-25 19:45:46] BoxColliders does not support negative scale or size.
The effective box size has been forced positive and is likely to give unexpected collision geometry.
If you absolutely need to use negative scaling you can use the convex MeshCollider. Scene hierarchy path "1408/Root/Skeleton/Spine/Right_Shoulder/Right_Arm"
[2024-10-25 19:45:46] BoxColliders does not support negative scale or size.
The effective box size has been forced positive and is likely to give unexpected collision geometry.
If you absolutely need to use negative scaling you can use the convex MeshCollider. Scene hierarchy path "1408/Root/Skeleton/Spine/Skull"
[2024-10-25 19:45:46] BoxColliders does not support negative scale or size.
The effective box size has been forced positive and is likely to give unexpected collision geometry.
If you absolutely need to use negative scaling you can use the convex MeshCollider. Scene hierarchy path "1409/Root/Skeleton/Left_Hip/Left_Leg"
[2024-10-25 19:45:46] BoxColliders does not support negative scale or size.
The effective box size has been forced positive and is likely to give unexpected collision geometry.
If you absolutely need to use negative scaling you can use the convex MeshCollider. Scene hierarchy path "1409/Root/Skeleton/Right_Hip/Right_Leg"
[2024-10-25 19:45:46] BoxColliders does not support negative scale or size.
The effective box size has been forced positive and is likely to give unexpected collision geometry.
If you absolutely need to use negative scaling you can use the convex MeshCollider. Scene hierarchy path "1409/Root/Skeleton/Spine"
[2024-10-25 19:45:46] BoxColliders does not support negative scale or size.
The effective box size has been forced positive and is likely to give unexpected collision geometry.
If you absolutely need to use negative scaling you can use the convex MeshCollider. Scene hierarchy path "1409/Root/Skeleton/Spine/Left_Shoulder/Left_Arm"
[2024-10-25 19:45:46] BoxColliders does not support negative scale or size.
The effective box size has been forced positive and is likely to give unexpected collision geometry.
If you absolutely need to use negative scaling you can use the convex MeshCollider. Scene hierarchy path "1409/Root/Skeleton/Spine/Right_Shoulder/Right_Arm"
[2024-10-25 19:45:46] BoxColliders does not support negative scale or size.
The effective box size has been forced positive and is likely to give unexpected collision geometry.
If you absolutely need to use negative scaling you can use the convex MeshCollider. Scene hierarchy path "1409/Root/Skeleton/Spine/Skull"
[2024-10-25 19:45:46] BoxColliders does not support negative scale or size.
The effective box size has been forced positive and is likely to give unexpected collision geometry.
If you absolutely need to use negative scaling you can use the convex MeshCollider. Scene hierarchy path "1409/Root/Skeleton/Left_Hip/Left_Leg"
[2024-10-25 19:45:46] BoxColliders does not support negative scale or size.
The effective box size has been forced positive and is likely to give unexpected collision geometry.
If you absolutely need to use negative scaling you can use the convex MeshCollider. Scene hierarchy path "1409/Root/Skeleton/Right_Hip/Right_Leg"
[2024-10-25 19:45:46] BoxColliders does not support negative scale or size.
The effective box size has been forced positive and is likely to give unexpected collision geometry.
If you absolutely need to use negative scaling you can use the convex MeshCollider. Scene hierarchy path "1409/Root/Skeleton/Spine"
[2024-10-25 19:45:46] BoxColliders does not support negative scale or size.
The effective box size has been forced positive and is likely to give unexpected collision geometry.
If you absolutely need to use negative scaling you can use the convex MeshCollider. Scene hierarchy path "1409/Root/Skeleton/Spine/Left_Shoulder/Left_Arm"
[2024-10-25 19:45:46] BoxColliders does not support negative scale or size.
The effective box size has been forced positive and is likely to give unexpected collision geometry.
If you absolutely need to use negative scaling you can use the convex MeshCollider. Scene hierarchy path "1409/Root/Skeleton/Spine/Right_Shoulder/Right_Arm"
[2024-10-25 19:45:46] BoxColliders does not support negative scale or size.
The effective box size has been forced positive and is likely to give unexpected collision geometry.
If you absolutely need to use negative scaling you can use the convex MeshCollider. Scene hierarchy path "1409/Root/Skeleton/Spine/Skull"
[2024-10-25 19:45:46] //////////////////////////////////////////////////////
[2024-10-25 19:45:46] Server Code: 85568392931804987
[2024-10-25 19:45:46] Your friends can enter this code in the Connect Directly menu to join without port forwarding.
[2024-10-25 19:45:46] Tip: Use the "CopyServerCode" command to copy the code to your clipboard. Alternatively, in most terminals you can highlight it and press Ctrl+Insert to copy.
[2024-10-25 19:45:46] //////////////////////////////////////////////////////
[2024-10-25 19:45:46] Loaded date counter: 192
[2024-10-25 19:45:46] Loaded weather DefaultRain forecast in 4590.727 seconds
[2024-10-25 19:45:47] Level "Washington" not using hardcoded special events
[2024-10-25 19:45:47] Loading level: 100%
[2024-10-25 19:46:00] Added 76561198323663846[0] "LemonInDisguise" to queue position 0 (shouldVerify: True)
[2024-10-25 19:46:00] Sending verification request to queued player 76561198323663846[0] "LemonInDisguise"
[2024-10-25 19:46:00] Received authentication request from queued player 76561198323663846[0] "LemonInDisguise"
[2024-10-25 19:46:00] Submitted Steam authentication request for queued player 76561198323663846[0] "LemonInDisguise"
[2024-10-25 19:46:00] Submitted Steam group request for queued player 76561198323663846[0] "LemonInDisguise"
[2024-10-25 19:46:01] Accepting queued player 76561198323663846[0] "LemonInDisguise"
[2024-10-25 19:46:01] BattlEye Print: Player #0 LemonInDisguise (173.26.6.121:56436) connected
[2024-10-25 19:46:01] BattlEye Print: Player #0 LemonInDisguise - BE GUID: a8cb293a66714135a517f0d50c26eebe
[2024-10-25 19:46:01] Connecting: PlayerID: 76561198323663846 Name: LemonInDisguise Character: LemonInDisguise
[2024-10-25 19:46:01] BattlEye Print: Connected to BE Master
[2024-10-25 19:46:06] Added 76561199632383624[0] "WEREWOLF_GAMES" to queue position 0 (shouldVerify: True)
[2024-10-25 19:46:06] Sending verification request to queued player 76561199632383624[0] "WEREWOLF_GAMES"
[2024-10-25 19:46:06] Received authentication request from queued player 76561199632383624[0] "WEREWOLF_GAMES"
[2024-10-25 19:46:06] Submitted Steam authentication request for queued player 76561199632383624[0] "WEREWOLF_GAMES"
[2024-10-25 19:46:07] Accepting queued player 76561199632383624[0] "WEREWOLF_GAMES"
[2024-10-25 19:46:07] BattlEye Print: Player #1 WEREWOLF_GAMES (24.128.157.67:60288) connected
[2024-10-25 19:46:07] BattlEye Print: Player #1 WEREWOLF_GAMES - BE GUID: 806f4370743a5d62cb705f27575c5d56
[2024-10-25 19:46:07] Connecting: PlayerID: 76561199632383624 Name: WEREWOLF_GAMES Character: WEREWOLF_GAMES
[2024-10-25 19:46:33] Added 76561198184612870[0] "ulasyerli WINFORTUNE.CO" to queue position 0 (shouldVerify: True)
[2024-10-25 19:46:33] Sending verification request to queued player 76561198184612870[0] "ulasyerli WINFORTUNE.CO"
[2024-10-25 19:46:33] Received authentication request from queued player 76561198184612870[0] "ulasyerli WINFORTUNE.CO"
[2024-10-25 19:46:33] Submitted Steam authentication request for queued player 76561198184612870[0] "ulasyerli WINFORTUNE.CO"
[2024-10-25 19:46:34] Accepting queued player 76561198184612870[0] "ulasyerli WINFORTUNE.CO"
[2024-10-25 19:46:34] BattlEye Print: Player #2 ulasyerli WINFORTUNE.CO (176.88.143.54:27207) connected
[2024-10-25 19:46:34] BattlEye Print: Player #2 ulasyerli WINFORTUNE.CO - BE GUID: 9e19733289767eec30956996dbb7d57b
[2024-10-25 19:46:34] Connecting: PlayerID: 76561198184612870 Name: ulasyerli WINFORTUNE.CO Character: mf
[2024-10-25 19:47:26] Added 76561198075897932[0] "Captain Fatbelly" to queue position 0 (shouldVerify: True)
[2024-10-25 19:47:26] Sending verification request to queued player 76561198075897932[0] "Captain Fatbelly"
[2024-10-25 19:47:26] Received authentication request from queued player 76561198075897932[0] "Captain Fatbelly"
[2024-10-25 19:47:26] Submitted Steam authentication request for queued player 76561198075897932[0] "Captain Fatbelly"
[2024-10-25 19:47:27] Accepting queued player 76561198075897932[0] "Captain Fatbelly"
[2024-10-25 19:47:27] BattlEye Print: Player #3 Captain Fatbelly (73.157.85.166:53613) connected
[2024-10-25 19:47:27] BattlEye Print: Player #3 Captain Fatbelly - BE GUID: c1ca7724d3c334fc7ddccc805cf4b2f3
[2024-10-25 19:47:27] Connecting: PlayerID: 76561198075897932 Name: Captain Fatbelly Character: Capt. Fatbelly
[2024-10-25 19:48:19] Added 76561199229565124[0] "(Z 3 R G)  Ⓢ Ⓟ Ⓞ ⓝ Ⓖ" to queue position 0 (shouldVerify: True)
[2024-10-25 19:48:19] Sending verification request to queued player 76561199229565124[0] "(Z 3 R G)  Ⓢ Ⓟ Ⓞ ⓝ Ⓖ"
[2024-10-25 19:48:19] Received authentication request from queued player 76561199229565124[0] "(Z 3 R G)  Ⓢ Ⓟ Ⓞ ⓝ Ⓖ"
[2024-10-25 19:48:19] Submitted Steam authentication request for queued player 76561199229565124[0] "(Z 3 R G)  Ⓢ Ⓟ Ⓞ ⓝ Ⓖ"
[2024-10-25 19:48:19] Submitted Steam group request for queued player 76561199229565124[0] "(Z 3 R G)  Ⓢ Ⓟ Ⓞ ⓝ Ⓖ"
[2024-10-25 19:48:20] Accepting queued player 76561199229565124[0] "(Z 3 R G)  Ⓢ Ⓟ Ⓞ ⓝ Ⓖ"
[2024-10-25 19:48:20] BattlEye Print: Player #4 (Z 3 R G)  Ⓢ Ⓟ Ⓞ ⓝ Ⓖ (170.203.211.219:18781) connected
[2024-10-25 19:48:20] BattlEye Print: Player #4 (Z 3 R G)  Ⓢ Ⓟ Ⓞ ⓝ Ⓖ - BE GUID: 5aa93e48d315980f6e8d9de6b32cc175
[2024-10-25 19:48:20] Connecting: PlayerID: 76561199229565124 Name: (Z 3 R G)  Ⓢ Ⓟ Ⓞ ⓝ Ⓖ Character: heathertinytots
[2024-10-25 19:49:13] 76561198075897932[0] "Captain Fatbelly" entered freecam admin mode
[2024-10-25 19:49:27] 76561198075897932[0] "Captain Fatbelly" exited freecam admin mode
[2024-10-25 19:49:46] 76561198075897932[0] "Captain Fatbelly" entered freecam admin mode
[2024-10-25 19:50:04] 76561198075897932[0] "Captain Fatbelly" exited freecam admin mode
[2024-10-25 19:50:17] 76561198075897932[0] "Captain Fatbelly" turned on spectator stats overlay admin mode
[2024-10-25 19:50:23] Successfully saved the game.
[2024-10-25 19:50:41] Successfully gave Captain Fatbelly 1111 x1!
[2024-10-25 19:50:48] Successfully gave Captain Fatbelly 1099 x3!
[2024-10-25 19:51:11] 76561198075897932[0] "Captain Fatbelly" entered freecam admin mode
[2024-10-25 19:51:14] 76561198075897932[0] "Captain Fatbelly" exited freecam admin mode
[2024-10-25 19:51:16] Successfully gave Captain Fatbelly 1451 x6!
[2024-10-25 19:51:23] 76561198075897932[0] "Captain Fatbelly" entered freecam admin mode
[2024-10-25 19:51:39] 76561198075897932[0] "Captain Fatbelly" exited freecam admin mode
[2024-10-25 19:51:48] Successfully gave Captain Fatbelly 368 x3!
[2024-10-25 19:51:58] Successfully gave Captain Fatbelly 1158 x15!
[2024-10-25 19:52:06] Removing player steamid:76561199632383624 after graceful disconnect message
[2024-10-25 19:52:06] Disconnecting: PlayerID: 76561199632383624 Name: WEREWOLF_GAMES Character: WEREWOLF_GAMES
[2024-10-25 19:52:06] BattlEye Print: Player #1 WEREWOLF_GAMES disconnected
[2024-10-25 19:52:20] 76561198075897932[0] "Captain Fatbelly" entered workzone admin mode
[2024-10-25 19:52:23] 76561198075897932[0] "Captain Fatbelly" exited workzone admin mode
[2024-10-25 19:52:24] 76561198075897932[0] "Captain Fatbelly" entered workzone admin mode
[2024-10-25 19:52:24] 76561198075897932[0] "Captain Fatbelly" exited workzone admin mode
[2024-10-25 19:52:30] 76561198075897932[0] "Captain Fatbelly" entered workzone admin mode
[2024-10-25 19:52:34] 76561198075897932[0] "Captain Fatbelly" exited workzone admin mode
[2024-10-25 19:52:36] Successfully saved the game.
[2024-10-25 19:52:48] Successfully teleported Captain Fatbelly to waypoint!
[2024-10-25 19:53:14] 76561198075897932[0] "Captain Fatbelly" entered freecam admin mode
[2024-10-25 19:53:24] 76561198075897932[0] "Captain Fatbelly" exited freecam admin mode
[2024-10-25 19:53:42] Successfully gave Captain Fatbelly 1156 x1!
[2024-10-25 19:53:45] Successfully gave Captain Fatbelly 1157 x1!
[2024-10-25 19:53:47] Successfully gave Captain Fatbelly 253 x1!
[2024-10-25 19:53:55] Successfully gave Captain Fatbelly 1169 x1!
[2024-10-25 19:53:59] Successfully gave Captain Fatbelly 1169 x1!
[2024-10-25 19:54:05] Successfully gave Captain Fatbelly 1525 x1!
[2024-10-25 19:54:08] 76561198075897932[0] "Captain Fatbelly" entered freecam admin mode
[2024-10-25 19:54:11] 76561198075897932[0] "Captain Fatbelly" entered workzone admin mode
[2024-10-25 19:54:15] 76561198075897932[0] "Captain Fatbelly" exited workzone admin mode
[2024-10-25 19:54:16] 76561198075897932[0] "Captain Fatbelly" turned off spectator stats overlay admin mode
[2024-10-25 19:54:17] 76561198075897932[0] "Captain Fatbelly" entered workzone admin mode
[2024-10-25 19:54:19] 76561198075897932[0] "Captain Fatbelly" exited workzone admin mode
[2024-10-25 19:54:21] 76561198075897932[0] "Captain Fatbelly" entered workzone admin mode
[2024-10-25 19:54:24] 76561198075897932[0] "Captain Fatbelly" exited workzone admin mode
[2024-10-25 19:54:26] 76561198075897932[0] "Captain Fatbelly" entered workzone admin mode
[2024-10-25 19:54:33] 76561198075897932[0] "Captain Fatbelly" exited workzone admin mode
[2024-10-25 19:54:35] 76561198075897932[0] "Captain Fatbelly" entered workzone admin mode
[2024-10-25 19:54:39] 76561198075897932[0] "Captain Fatbelly" exited workzone admin mode
[2024-10-25 19:54:41] 76561198075897932[0] "Captain Fatbelly" entered workzone admin mode
[2024-10-25 19:54:44] 76561198075897932[0] "Captain Fatbelly" exited workzone admin mode
[2024-10-25 19:54:45] 76561198075897932[0] "Captain Fatbelly" entered workzone admin mode
[2024-10-25 19:54:48] 76561198075897932[0] "Captain Fatbelly" exited workzone admin mode
[2024-10-25 19:54:48] 76561198075897932[0] "Captain Fatbelly" exited freecam admin mode
[2024-10-25 19:54:59] 76561198075897932[0] "Captain Fatbelly" entered workzone admin mode
[2024-10-25 19:55:00] 76561198075897932[0] "Captain Fatbelly" exited workzone admin mode
[2024-10-25 19:55:09] 76561198075897932[0] "Captain Fatbelly" entered workzone admin mode
[2024-10-25 19:55:11] 76561198075897932[0] "Captain Fatbelly" exited workzone admin mode
[2024-10-25 19:55:11] 76561198075897932[0] "Captain Fatbelly" entered freecam admin mode
[2024-10-25 19:55:14] 76561198075897932[0] "Captain Fatbelly" entered workzone admin mode
[2024-10-25 19:55:15] 76561198075897932[0] "Captain Fatbelly" exited workzone admin mode
[2024-10-25 19:55:18] 76561198075897932[0] "Captain Fatbelly" entered workzone admin mode
[2024-10-25 19:55:21] 76561198075897932[0] "Captain Fatbelly" exited workzone admin mode
[2024-10-25 19:55:23] 76561198075897932[0] "Captain Fatbelly" entered workzone admin mode
[2024-10-25 19:55:24] Added 76561198042801369[0] "clem" to queue position 0 (shouldVerify: True)
[2024-10-25 19:55:24] Sending verification request to queued player 76561198042801369[0] "clem"
[2024-10-25 19:55:24] Received authentication request from queued player 76561198042801369[0] "clem"
[2024-10-25 19:55:24] Submitted Steam authentication request for queued player 76561198042801369[0] "clem"
[2024-10-25 19:55:24] Submitted Steam group request for queued player 76561198042801369[0] "clem"
[2024-10-25 19:55:25] Accepting queued player 76561198042801369[0] "clem"
[2024-10-25 19:55:25] BattlEye Print: Player #5 clem (72.74.187.219:62193) connected
[2024-10-25 19:55:25] BattlEye Print: Player #5 clem - BE GUID: cabbc0a57f5a2605a8cb1270bdd6c17c
[2024-10-25 19:55:25] Connecting: PlayerID: 76561198042801369 Name: clem Character: Clem
[2024-10-25 19:55:27] 76561198075897932[0] "Captain Fatbelly" exited workzone admin mode
[2024-10-25 19:55:32] 76561198075897932[0] "Captain Fatbelly" entered workzone admin mode
[2024-10-25 19:55:37] 76561198075897932[0] "Captain Fatbelly" exited workzone admin mode
[2024-10-25 19:55:39] 76561198075897932[0] "Captain Fatbelly" exited freecam admin mode
[2024-10-25 19:55:44] Successfully saved the game.
[2024-10-25 19:55:48] 76561198075897932[0] "Captain Fatbelly" entered workzone admin mode
[2024-10-25 19:55:50] 76561198075897932[0] "Captain Fatbelly" exited workzone admin mode
[2024-10-25 19:55:50] 76561198075897932[0] "Captain Fatbelly" turned on spectator stats overlay admin mode
[2024-10-25 19:55:57] Successfully teleported Captain Fatbelly to waypoint!
[2024-10-25 19:55:59] 76561198075897932[0] "Captain Fatbelly" entered freecam admin mode
[2024-10-25 19:56:03] 76561198075897932[0] "Captain Fatbelly" entered workzone admin mode
[2024-10-25 19:56:06] 76561198075897932[0] "Captain Fatbelly" exited workzone admin mode
[2024-10-25 19:56:33] 76561198075897932[0] "Captain Fatbelly" entered workzone admin mode
[2024-10-25 19:56:39] 76561198075897932[0] "Captain Fatbelly" exited workzone admin mode
[2024-10-25 19:56:41] 76561198075897932[0] "Captain Fatbelly" entered workzone admin mode
[2024-10-25 19:56:43] 76561198075897932[0] "Captain Fatbelly" exited workzone admin mode
[2024-10-25 19:56:48] 76561198075897932[0] "Captain Fatbelly" entered workzone admin mode
[2024-10-25 19:56:50] 76561198075897932[0] "Captain Fatbelly" exited workzone admin mode
[2024-10-25 19:56:57] 76561198075897932[0] "Captain Fatbelly" exited freecam admin mode
[2024-10-25 19:57:02] Successfully teleported Captain Fatbelly to waypoint!
[2024-10-25 19:57:08] 76561198075897932[0] "Captain Fatbelly" turned off spectator stats overlay admin mode
[2024-10-25 19:57:08] 76561198075897932[0] "Captain Fatbelly" turned on spectator stats overlay admin mode
[2024-10-25 19:57:23] Successfully gave Captain Fatbelly 1092 x30!
[2024-10-25 19:57:35] Successfully gave Captain Fatbelly 1092 x2!
[2024-10-25 19:57:38] 76561198075897932[0] "Captain Fatbelly" entered workzone admin mode
[2024-10-25 19:57:40] 76561198075897932[0] "Captain Fatbelly" exited workzone admin mode
[2024-10-25 19:57:40] 76561198075897932[0] "Captain Fatbelly" entered freecam admin mode
[2024-10-25 19:57:44] 76561198075897932[0] "Captain Fatbelly" entered workzone admin mode
[2024-10-25 19:57:47] 76561198075897932[0] "Captain Fatbelly" exited workzone admin mode
[2024-10-25 19:57:48] 76561198075897932[0] "Captain Fatbelly" exited freecam admin mode
[2024-10-25 19:57:51] Successfully saved the game.
[2024-10-25 19:57:55] 76561198075897932[0] "Captain Fatbelly" entered freecam admin mode
[2024-10-25 19:57:57] 76561198075897932[0] "Captain Fatbelly" exited freecam admin mode
[2024-10-25 19:58:02] Successfully teleported Captain Fatbelly to waypoint!
[2024-10-25 19:58:02] 76561198075897932[0] "Captain Fatbelly" entered freecam admin mode
[2024-10-25 19:58:22] 76561198075897932[0] "Captain Fatbelly" exited freecam admin mode
[2024-10-25 19:58:30] Successfully gave Captain Fatbelly +149124 experience!
[2024-10-25 19:58:45] Removing player steamid:76561199229565124 due to transport failure (ClosedByPeer Reason: 2999 Message: "Application closed connection")
[2024-10-25 19:58:45] Disconnecting: PlayerID: 76561199229565124 Name: (Z 3 R G)  Ⓢ Ⓟ Ⓞ ⓝ Ⓖ Character: heathertinytots
[2024-10-25 19:58:45] BattlEye Print: Player #4 (Z 3 R G)  Ⓢ Ⓟ Ⓞ ⓝ Ⓖ disconnected
[2024-10-25 19:58:56] Removing player steamid:76561198042801369 after graceful disconnect message
[2024-10-25 19:58:56] Disconnecting: PlayerID: 76561198042801369 Name: clem Character: Clem
[2024-10-25 19:58:56] BattlEye Print: Player #5 clem disconnected
[2024-10-25 19:59:08] Removing player steamid:76561198184612870 due to transport failure (ClosedByPeer Reason: 2999 Message: "Application closed connection")
[2024-10-25 19:59:08] Disconnecting: PlayerID: 76561198184612870 Name: ulasyerli WINFORTUNE.CO Character: mf
[2024-10-25 19:59:08] BattlEye Print: Player #2 ulasyerli WINFORTUNE.CO disconnected
[2024-10-25 19:59:11] Successfully gave Captain Fatbelly 368 x3!
[2024-10-25 19:59:13] Added 76561198194235914[0] "TOXIC" to queue position 0 (shouldVerify: True)
[2024-10-25 19:59:13] Sending verification request to queued player 76561198194235914[0] "TOXIC"
[2024-10-25 19:59:13] Received authentication request from queued player 76561198194235914[0] "TOXIC"
[2024-10-25 19:59:13] Submitted Steam authentication request for queued player 76561198194235914[0] "TOXIC"
[2024-10-25 19:59:14] Accepting queued player 76561198194235914[0] "TOXIC"
[2024-10-25 19:59:14] BattlEye Print: Player #4 TOXIC (206.83.99.182:61855) connected
[2024-10-25 19:59:14] BattlEye Print: Player #4 TOXIC - BE GUID: 643b79ab65ea3be6999d4be952d0bc0f
[2024-10-25 19:59:14] Connecting: PlayerID: 76561198194235914 Name: TOXIC Character: Toxic
[2024-10-25 20:00:14] Successfully saved the game.
[2024-10-25 20:00:36] Successfully gave Captain Fatbelly 1106 x30!
[2024-10-25 20:00:59] Successfully gave Captain Fatbelly 1106 x30!
[2024-10-25 20:01:08] 76561198075897932[0] "Captain Fatbelly" turned off spectator stats overlay admin mode
[2024-10-25 20:01:08] 76561198075897932[0] "Captain Fatbelly" turned on spectator stats overlay admin mode
[2024-10-25 20:01:08] 76561198075897932[0] "Captain Fatbelly" turned off spectator stats overlay admin mode
[2024-10-25 20:01:09] 76561198075897932[0] "Captain Fatbelly" turned on spectator stats overlay admin mode
[2024-10-25 20:01:09] 76561198075897932[0] "Captain Fatbelly" turned off spectator stats overlay admin mode
[2024-10-25 20:01:09] 76561198075897932[0] "Captain Fatbelly" turned on spectator stats overlay admin mode
[2024-10-25 20:01:18] Successfully gave Captain Fatbelly 345 x30!
[2024-10-25 20:01:22] Added 76561198383228318[0] "OmbreDeMort" to queue position 0 (shouldVerify: True)
[2024-10-25 20:01:22] Sending verification request to queued player 76561198383228318[0] "OmbreDeMort"
[2024-10-25 20:01:23] Received authentication request from queued player 76561198383228318[0] "OmbreDeMort"
[2024-10-25 20:01:23] Submitted Steam authentication request for queued player 76561198383228318[0] "OmbreDeMort"
[2024-10-25 20:01:24] Accepting queued player 76561198383228318[0] "OmbreDeMort"
[2024-10-25 20:01:24] BattlEye Print: Player #5 OmbreDeMort (176.88.143.54:26538) connected
[2024-10-25 20:01:24] BattlEye Print: Player #5 OmbreDeMort - BE GUID: 99703d0154591db43467b14a92c52edb
[2024-10-25 20:01:24] Connecting: PlayerID: 76561198383228318 Name: OmbreDeMort Character: OmbreDeMort
[2024-10-25 20:01:34] Successfully gave Captain Fatbelly 1104 x32!
[2024-10-25 20:01:58] Successfully gave Captain Fatbelly 3 x1!
[2024-10-25 20:01:59] Added 76561198042801369[0] "clem" to queue position 0 (shouldVerify: True)
[2024-10-25 20:01:59] Sending verification request to queued player 76561198042801369[0] "clem"
[2024-10-25 20:01:59] Received authentication request from queued player 76561198042801369[0] "clem"
[2024-10-25 20:01:59] Submitted Steam authentication request for queued player 76561198042801369[0] "clem"
[2024-10-25 20:01:59] Submitted Steam group request for queued player 76561198042801369[0] "clem"
[2024-10-25 20:02:00] Accepting queued player 76561198042801369[0] "clem"
[2024-10-25 20:02:00] BattlEye Print: Player #6 clem (72.74.187.219:51621) connected
[2024-10-25 20:02:00] BattlEye Print: Player #6 clem - BE GUID: cabbc0a57f5a2605a8cb1270bdd6c17c
[2024-10-25 20:02:00] Connecting: PlayerID: 76561198042801369 Name: clem Character: Clem
[2024-10-25 20:02:02] Successfully gave Captain Fatbelly 339 x20!
[2024-10-25 20:02:14] Successfully taking a screenshot of OmbreDeMort.
[2024-10-25 20:02:18] Added 76561199553704069[0] "gordon_lol2" to queue position 0 (shouldVerify: True)
[2024-10-25 20:02:18] Sending verification request to queued player 76561199553704069[0] "gordon_lol2"
[2024-10-25 20:02:18] Received authentication request from queued player 76561199553704069[0] "gordon_lol2"
[2024-10-25 20:02:18] Submitted Steam authentication request for queued player 76561199553704069[0] "gordon_lol2"
[2024-10-25 20:02:19] 76561198075897932[0] "Captain Fatbelly" entered freecam admin mode
[2024-10-25 20:02:19] Accepting queued player 76561199553704069[0] "gordon_lol2"
[2024-10-25 20:02:19] BattlEye Print: Player #7 gordon_lol2 (178.121.157.167:62284) connected
[2024-10-25 20:02:19] BattlEye Print: Player #7 gordon_lol2 - BE GUID: d0b867b9e78b5bef83e243a3830705a9
[2024-10-25 20:02:19] Connecting: PlayerID: 76561199553704069 Name: gordon_lol2 Character: тимур
[2024-10-25 20:02:24] 76561198075897932[0] "Captain Fatbelly" exited freecam admin mode
