[2024-10-22 19:19:24] Reflect net invokables: 31ms
[2024-10-22 19:19:24] Scheduled CHRISTMAS from 12/7/2024 12:00:00 AM to 1/2/2025 12:00:00 PM local time (12/7/2024 8:00:00 AM to 1/2/2025 8:00:00 PM UTC)
[2024-10-22 19:19:24] Scheduled HALLOWEEN from 10/20/2024 12:00:00 AM to 11/1/2024 12:00:00 PM local time (10/20/2024 7:00:00 AM to 11/1/2024 7:00:00 PM UTC)
[2024-10-22 19:19:24] Scheduled VALENTINES from 2/14/2024 12:00:00 AM to 2/14/2024 11:59:59 PM local time (2/14/2024 8:00:00 AM to 2/15/2024 7:59:59 AM UTC)
[2024-10-22 19:19:24] Scheduled APRIL_FOOLS from 4/1/2024 12:00:00 AM to 4/1/2024 11:59:59 PM local time (4/1/2024 7:00:00 AM to 4/2/2024 6:59:59 AM UTC)
[2024-10-22 19:19:24] Scheduled PRIDE_MONTH from 6/1/2024 12:00:00 AM to 6/30/2024 11:59:59 PM local time (6/1/2024 7:00:00 AM to 7/1/2024 6:59:59 AM UTC)
[2024-10-22 19:19:24] Unturned overriding Steam AppId with "304930"
[2024-10-22 19:19:24] Game version: 3.24.6.1 Engine version: 2021.3.29f1
[2024-10-22 19:19:24] Executing 5 potential game command(s) from the command-line:
[2024-10-22 19:19:24] Did not match "nographics" with any commands
[2024-10-22 19:19:24] Did not match "batchmode" with any commands
[2024-10-22 19:19:24] Successfully bound IP to 170.39.215.177!
[2024-10-22 19:19:24] Successfully set port to 27215!
[2024-10-22 19:19:24] Successfully set max players to 30!
[2024-10-22 19:19:24] Successfully bound IP to 170.39.215.177!
[2024-10-22 19:19:24] Successfully set port to 27215!
[2024-10-22 19:19:24] Successfully set name to Washington Vanilla+!
[2024-10-22 19:19:24] Successfully set welcome message to Join the server's Discord from the main menu OR via the UPDATED code: QjJhTgsAH7!
[2024-10-22 19:19:24] Successfully set chatrate to 0!
[2024-10-22 19:19:24] Successfully set cycle to 2880!
[2024-10-22 19:19:24] Successfully set map to Washington!
[2024-10-22 19:19:24] Successfully set gamemode to normal!
[2024-10-22 19:19:24] Successfully set owner to 76561198075897932!
[2024-10-22 19:19:24] Successfully disabled password!
[2024-10-22 19:19:24] Successfully set perspective to both!
[2024-10-22 19:19:24] Successfully set queue size to 5!
[2024-10-22 19:19:24] Successfully set timeout to 500!
[2024-10-22 19:19:24] Successfully set log!
[2024-10-22 19:19:24] Successfully hid admins.
[2024-10-22 19:19:24] Successfully set voting configuration!
[2024-10-22 19:19:24] Platform: WindowsServer
[2024-10-22 19:19:24] Operating System: Windows 10  (10.0.20348) 64bit
[2024-10-22 19:19:24] System Memory: 130996MB
[2024-10-22 19:19:24] Vanilla Built-in Assets added asset search location "D:\TCAFiles\Users\codyl1\8557299\Bundles"
[2024-10-22 19:19:24] Server Common (Legacy) added asset search location "D:\TCAFiles\Users\codyl1\8557299\Bundles\Workshop\Content"
[2024-10-22 19:19:24] Per-Server (Legacy) added asset search location "D:\TCAFiles\Users\codyl1\8557299\Servers\Saved\Workshop\Content"
[2024-10-22 19:19:24] Per-Server (Legacy) added asset search location "D:\TCAFiles\Users\codyl1\8557299\Servers\Saved\Bundles"
[2024-10-22 19:19:24] Discovered level "Alpha Valley" at "D:\TCAFiles\Users\codyl1\8557299\Maps\Alpha Valley"
[2024-10-22 19:19:24] Discovered level "Destruction" at "D:\TCAFiles\Users\codyl1\8557299\Maps\Destruction"
[2024-10-22 19:19:24] Discovered level "Germany" at "D:\TCAFiles\Users\codyl1\8557299\Maps\Germany"
[2024-10-22 19:19:24] Discovered level "Monolith" at "D:\TCAFiles\Users\codyl1\8557299\Maps\Monolith"
[2024-10-22 19:19:24] Discovered level "Paintball_Arena_0" at "D:\TCAFiles\Users\codyl1\8557299\Maps\Paintball_Arena_0"
[2024-10-22 19:19:24] Discovered level "PEI" at "D:\TCAFiles\Users\codyl1\8557299\Maps\PEI"
[2024-10-22 19:19:24] Discovered level "Russia" at "D:\TCAFiles\Users\codyl1\8557299\Maps\Russia"
[2024-10-22 19:19:24] Discovered level "Tutorial" at "D:\TCAFiles\Users\codyl1\8557299\Maps\Tutorial"
[2024-10-22 19:19:24] Discovered level "Washington" at "D:\TCAFiles\Users\codyl1\8557299\Maps\Washington"
[2024-10-22 19:19:24] Discovered level "Yukon" at "D:\TCAFiles\Users\codyl1\8557299\Maps\Yukon"
[2024-10-22 19:19:24] Searched 3 of 4 locations and found 824 asset files...
[2024-10-22 19:19:24] Read 0 of 824 asset file contents into memory...
[2024-10-22 19:19:24] Loaded 0 of 824 assets...
[2024-10-22 19:19:24] Searched 3 of 4 locations and found 1547 asset files...
[2024-10-22 19:19:24] Read 0 of 1547 asset file contents into memory...
[2024-10-22 19:19:24] Loaded 0 of 1547 assets...
[2024-10-22 19:19:24] Searched 3 of 4 locations and found 2450 asset files...
[2024-10-22 19:19:24] Read 0 of 2450 asset file contents into memory...
[2024-10-22 19:19:24] Loaded 0 of 2450 assets...
[2024-10-22 19:19:24] Searched 3 of 4 locations and found 3229 asset files...
[2024-10-22 19:19:24] Read 0 of 3229 asset file contents into memory...
[2024-10-22 19:19:24] Loaded 0 of 3229 assets...
[2024-10-22 19:19:24] Searched 3 of 4 locations and found 4233 asset files...
[2024-10-22 19:19:24] Read 0 of 4233 asset file contents into memory...
[2024-10-22 19:19:24] Loaded 0 of 4233 assets...
[2024-10-22 19:19:24] Searched 3 of 4 locations and found 5103 asset files...
[2024-10-22 19:19:24] Read 0 of 5103 asset file contents into memory...
[2024-10-22 19:19:24] Loaded 0 of 5103 assets...
[2024-10-22 19:19:24] Searched 4 of 4 locations and found 5507 asset files...
[2024-10-22 19:19:24] Read 0 of 5507 asset file contents into memory...
[2024-10-22 19:19:24] Loaded 0 of 5507 assets...
[2024-10-22 19:19:24] Loading asset bundle "core.masterbundle" from "D:\TCAFiles\Users\codyl1\8557299\Bundles"...
[2024-10-22 19:19:24] Loaded 0 of 1 asset bundles...
[2024-10-22 19:19:24] Read 239 of 5507 asset file contents into memory...
[2024-10-22 19:19:25] Read 628 of 5507 asset file contents into memory...
[2024-10-22 19:19:25] Read 950 of 5507 asset file contents into memory...
[2024-10-22 19:19:25] Read 1283 of 5507 asset file contents into memory...
[2024-10-22 19:19:25] Read 1667 of 5507 asset file contents into memory...
[2024-10-22 19:19:25] Read 2063 of 5507 asset file contents into memory...
[2024-10-22 19:19:25] Read 2399 of 5507 asset file contents into memory...
[2024-10-22 19:19:25] Read 2851 of 5507 asset file contents into memory...
[2024-10-22 19:19:25] Read 3361 of 5507 asset file contents into memory...
[2024-10-22 19:19:25] Read 3846 of 5507 asset file contents into memory...
[2024-10-22 19:19:25] Read 4233 of 5507 asset file contents into memory...
[2024-10-22 19:19:25] Read 4537 of 5507 asset file contents into memory...
[2024-10-22 19:19:25] Read 4860 of 5507 asset file contents into memory...
[2024-10-22 19:19:25] Read 5202 of 5507 asset file contents into memory...
[2024-10-22 19:19:25] Read 5507 of 5507 asset file contents into memory...
[2024-10-22 19:19:30] Loading asset bundle "core.masterbundle" from "D:\TCAFiles\Users\codyl1\8557299\Bundles" took 5.3249045s
[2024-10-22 19:19:30] Loaded 1 of 1 asset bundles...
[2024-10-22 19:19:30] Loaded 5 of 5507 assets...
[2024-10-22 19:19:30] Loaded 160 of 5507 assets...
[2024-10-22 19:19:30] Loaded 191 of 5507 assets...
[2024-10-22 19:19:30] Loaded 209 of 5507 assets...
[2024-10-22 19:19:30] Loaded 362 of 5507 assets...
[2024-10-22 19:19:30] Loaded 425 of 5507 assets...
[2024-10-22 19:19:30] Loaded 577 of 5507 assets...
[2024-10-22 19:19:30] Loaded 629 of 5507 assets...
[2024-10-22 19:19:30] Loaded 666 of 5507 assets...
[2024-10-22 19:19:30] Loaded 710 of 5507 assets...
[2024-10-22 19:19:30] Loaded 760 of 5507 assets...
[2024-10-22 19:19:30] Loaded 802 of 5507 assets...
[2024-10-22 19:19:30] Loaded 1049 of 5507 assets...
[2024-10-22 19:19:30] Loaded 1162 of 5507 assets...
[2024-10-22 19:19:31] Loaded 1180 of 5507 assets...
[2024-10-22 19:19:31] Loaded 1200 of 5507 assets...
[2024-10-22 19:19:31] Loaded 1474 of 5507 assets...
[2024-10-22 19:19:31] Loaded 1611 of 5507 assets...
[2024-10-22 19:19:31] Loaded 1843 of 5507 assets...
[2024-10-22 19:19:31] Loaded 2073 of 5507 assets...
[2024-10-22 19:19:31] Loaded 2130 of 5507 assets...
[2024-10-22 19:19:31] Loaded 2220 of 5507 assets...
[2024-10-22 19:19:31] Loaded 3330 of 5507 assets...
[2024-10-22 19:19:31] Loaded 5161 of 5507 assets...
[2024-10-22 19:19:31] Loaded 5507 of 5507 assets...
[2024-10-22 19:19:31] Linking blueprints...
[2024-10-22 19:19:31] Linking spawns...
[2024-10-22 19:19:31] Loading miscellaneous...
[2024-10-22 19:19:31] Loading all assets took 7.3019516s
[2024-10-22 19:19:31] Loading BattlEye server library from: D:\TCAFiles\Users\codyl1\8557299/BattlEye/BEServer_x64.dll
[2024-10-22 19:19:31] BattlEye Print: Initialized (v1.218)
[2024-10-22 19:19:31] Using login token
[2024-10-22 19:19:31] Initializing ServerTransport_SteamNetworkingSockets
[2024-10-22 19:19:31] Server listen socket bound to 170.39.215.177:27216
[2024-10-22 19:19:31] Server P2P listen socket: 196610
[2024-10-22 19:19:31] Waiting for Steam servers...
[2024-10-22 19:19:31] Readiness to participate in authenticated communications changed to k_ESteamNetworkingAvailability_Waiting "Waiting for Steam login"
[2024-10-22 19:19:32] Steam servers ready!
[2024-10-22 19:19:32] Workshop install folder: D:\TCAFiles\Users\codyl1\8557299/Servers/Saved/Workshop/Steam
[2024-10-22 19:19:32] 0 workshop item(s) requested
[2024-10-22 19:19:32] Link spawns: 0 children, 826 sorted/normalized and 749 parents
[2024-10-22 19:19:32] Adding 5507 asset(s) from origin Vanilla Built-in Assets to server mapping
[2024-10-22 19:19:32] Server registered 41 Unity physics material names with 24 unique IDs (5 bits)
[2024-10-22 19:19:32] Survival
[2024-10-22 19:19:32] No workshop items to monitor for updates
[2024-10-22 19:19:32] Readiness to participate in authenticated communications changed to k_ESteamNetworkingAvailability_Attempting "Requesting cert"
[2024-10-22 19:19:32] Loading level: 5%
[2024-10-22 19:19:32] Readiness to participate in authenticated communications changed to k_ESteamNetworkingAvailability_Current "OK"
[2024-10-22 19:19:33] Loading level: 10%
[2024-10-22 19:19:33] Loading level: 15%
[2024-10-22 19:19:33] Loading level: 21%
[2024-10-22 19:19:33] Loading level: 26%
[2024-10-22 19:19:33] Loading level: 31%
[2024-10-22 19:19:33] Loading level: 36%
[2024-10-22 19:19:33] Loading level: 42%
[2024-10-22 19:19:33] Loading level: 47%
[2024-10-22 19:19:33] Loading level: 52%
[2024-10-22 19:19:33] Loading level: 57%
[2024-10-22 19:19:33] Loading level: 63%
[2024-10-22 19:19:33] Found 4096 foliage v2 tiles
[2024-10-22 19:19:33] Found 4 foliage used assets in header
[2024-10-22 19:19:33] Loading 16 landscape tiles
[2024-10-22 19:19:35] Loading level: 68%
[2024-10-22 19:19:35] Auto converting legacy volumes
[2024-10-22 19:19:35] Auto converting legacy nodes
[2024-10-22 19:19:35] Loading level: 73%
[2024-10-22 19:19:35] Loading level: 89%
[2024-10-22 19:19:35] Loading level: 94%
[2024-10-22 19:19:35] BoxColliders does not support negative scale or size.
The effective box size has been forced positive and is likely to give unexpected collision geometry.
If you absolutely need to use negative scaling you can use the convex MeshCollider. Scene hierarchy path "1409/Root/Skeleton/Left_Hip/Left_Leg"
[2024-10-22 19:19:35] BoxColliders does not support negative scale or size.
The effective box size has been forced positive and is likely to give unexpected collision geometry.
If you absolutely need to use negative scaling you can use the convex MeshCollider. Scene hierarchy path "1409/Root/Skeleton/Right_Hip/Right_Leg"
[2024-10-22 19:19:35] BoxColliders does not support negative scale or size.
The effective box size has been forced positive and is likely to give unexpected collision geometry.
If you absolutely need to use negative scaling you can use the convex MeshCollider. Scene hierarchy path "1409/Root/Skeleton/Spine"
[2024-10-22 19:19:35] BoxColliders does not support negative scale or size.
The effective box size has been forced positive and is likely to give unexpected collision geometry.
If you absolutely need to use negative scaling you can use the convex MeshCollider. Scene hierarchy path "1409/Root/Skeleton/Spine/Left_Shoulder/Left_Arm"
[2024-10-22 19:19:35] BoxColliders does not support negative scale or size.
The effective box size has been forced positive and is likely to give unexpected collision geometry.
If you absolutely need to use negative scaling you can use the convex MeshCollider. Scene hierarchy path "1409/Root/Skeleton/Spine/Right_Shoulder/Right_Arm"
[2024-10-22 19:19:35] BoxColliders does not support negative scale or size.
The effective box size has been forced positive and is likely to give unexpected collision geometry.
If you absolutely need to use negative scaling you can use the convex MeshCollider. Scene hierarchy path "1409/Root/Skeleton/Spine/Skull"
[2024-10-22 19:19:35] BoxColliders does not support negative scale or size.
The effective box size has been forced positive and is likely to give unexpected collision geometry.
If you absolutely need to use negative scaling you can use the convex MeshCollider. Scene hierarchy path "1408/Root/Skeleton/Left_Hip/Left_Leg"
[2024-10-22 19:19:35] BoxColliders does not support negative scale or size.
The effective box size has been forced positive and is likely to give unexpected collision geometry.
If you absolutely need to use negative scaling you can use the convex MeshCollider. Scene hierarchy path "1408/Root/Skeleton/Right_Hip/Right_Leg"
[2024-10-22 19:19:35] BoxColliders does not support negative scale or size.
The effective box size has been forced positive and is likely to give unexpected collision geometry.
If you absolutely need to use negative scaling you can use the convex MeshCollider. Scene hierarchy path "1408/Root/Skeleton/Spine"
[2024-10-22 19:19:35] BoxColliders does not support negative scale or size.
The effective box size has been forced positive and is likely to give unexpected collision geometry.
If you absolutely need to use negative scaling you can use the convex MeshCollider. Scene hierarchy path "1408/Root/Skeleton/Spine/Left_Shoulder/Left_Arm"
[2024-10-22 19:19:35] BoxColliders does not support negative scale or size.
The effective box size has been forced positive and is likely to give unexpected collision geometry.
If you absolutely need to use negative scaling you can use the convex MeshCollider. Scene hierarchy path "1408/Root/Skeleton/Spine/Right_Shoulder/Right_Arm"
[2024-10-22 19:19:35] BoxColliders does not support negative scale or size.
The effective box size has been forced positive and is likely to give unexpected collision geometry.
If you absolutely need to use negative scaling you can use the convex MeshCollider. Scene hierarchy path "1408/Root/Skeleton/Spine/Skull"
[2024-10-22 19:19:35] BoxColliders does not support negative scale or size.
The effective box size has been forced positive and is likely to give unexpected collision geometry.
If you absolutely need to use negative scaling you can use the convex MeshCollider. Scene hierarchy path "1409/Root/Skeleton/Left_Hip/Left_Leg"
[2024-10-22 19:19:35] BoxColliders does not support negative scale or size.
The effective box size has been forced positive and is likely to give unexpected collision geometry.
If you absolutely need to use negative scaling you can use the convex MeshCollider. Scene hierarchy path "1409/Root/Skeleton/Right_Hip/Right_Leg"
[2024-10-22 19:19:35] BoxColliders does not support negative scale or size.
The effective box size has been forced positive and is likely to give unexpected collision geometry.
If you absolutely need to use negative scaling you can use the convex MeshCollider. Scene hierarchy path "1409/Root/Skeleton/Spine"
[2024-10-22 19:19:35] BoxColliders does not support negative scale or size.
The effective box size has been forced positive and is likely to give unexpected collision geometry.
If you absolutely need to use negative scaling you can use the convex MeshCollider. Scene hierarchy path "1409/Root/Skeleton/Spine/Left_Shoulder/Left_Arm"
[2024-10-22 19:19:35] BoxColliders does not support negative scale or size.
The effective box size has been forced positive and is likely to give unexpected collision geometry.
If you absolutely need to use negative scaling you can use the convex MeshCollider. Scene hierarchy path "1409/Root/Skeleton/Spine/Right_Shoulder/Right_Arm"
[2024-10-22 19:19:35] BoxColliders does not support negative scale or size.
The effective box size has been forced positive and is likely to give unexpected collision geometry.
If you absolutely need to use negative scaling you can use the convex MeshCollider. Scene hierarchy path "1409/Root/Skeleton/Spine/Skull"
[2024-10-22 19:19:35] BoxColliders does not support negative scale or size.
The effective box size has been forced positive and is likely to give unexpected collision geometry.
If you absolutely need to use negative scaling you can use the convex MeshCollider. Scene hierarchy path "1408/Root/Skeleton/Left_Hip/Left_Leg"
[2024-10-22 19:19:35] BoxColliders does not support negative scale or size.
The effective box size has been forced positive and is likely to give unexpected collision geometry.
If you absolutely need to use negative scaling you can use the convex MeshCollider. Scene hierarchy path "1408/Root/Skeleton/Right_Hip/Right_Leg"
[2024-10-22 19:19:35] BoxColliders does not support negative scale or size.
The effective box size has been forced positive and is likely to give unexpected collision geometry.
If you absolutely need to use negative scaling you can use the convex MeshCollider. Scene hierarchy path "1408/Root/Skeleton/Spine"
[2024-10-22 19:19:35] BoxColliders does not support negative scale or size.
The effective box size has been forced positive and is likely to give unexpected collision geometry.
If you absolutely need to use negative scaling you can use the convex MeshCollider. Scene hierarchy path "1408/Root/Skeleton/Spine/Left_Shoulder/Left_Arm"
[2024-10-22 19:19:35] BoxColliders does not support negative scale or size.
The effective box size has been forced positive and is likely to give unexpected collision geometry.
If you absolutely need to use negative scaling you can use the convex MeshCollider. Scene hierarchy path "1408/Root/Skeleton/Spine/Right_Shoulder/Right_Arm"
[2024-10-22 19:19:35] BoxColliders does not support negative scale or size.
The effective box size has been forced positive and is likely to give unexpected collision geometry.
If you absolutely need to use negative scaling you can use the convex MeshCollider. Scene hierarchy path "1408/Root/Skeleton/Spine/Skull"
[2024-10-22 19:19:35] //////////////////////////////////////////////////////
[2024-10-22 19:19:35] Server Code: 85568392931804987
[2024-10-22 19:19:35] Your friends can enter this code in the Connect Directly menu to join without port forwarding.
[2024-10-22 19:19:35] Tip: Use the "CopyServerCode" command to copy the code to your clipboard. Alternatively, in most terminals you can highlight it and press Ctrl+Insert to copy.
[2024-10-22 19:19:35] //////////////////////////////////////////////////////
[2024-10-22 19:19:35] Loaded date counter: 120
[2024-10-22 19:19:35] Loaded weather DefaultRain forecast in 815.4949 seconds
[2024-10-22 19:19:36] Level "Washington" not using hardcoded special events
[2024-10-22 19:19:36] Loading level: 100%
[2024-10-22 19:19:54] Added 76561199228903792[0] "Kegan" to queue position 0 (shouldVerify: True)
[2024-10-22 19:19:54] Sending verification request to queued player 76561199228903792[0] "Kegan"
[2024-10-22 19:19:55] Received authentication request from queued player 76561199228903792[0] "Kegan"
[2024-10-22 19:19:55] Submitted Steam authentication request for queued player 76561199228903792[0] "Kegan"
[2024-10-22 19:19:55] Added 76561198852986574[0] "MasterNickTicklesYou" to queue position 1 (shouldVerify: False)
[2024-10-22 19:19:56] Accepting queued player 76561199228903792[0] "Kegan"
[2024-10-22 19:19:56] BattlEye Print: Player #0 Kegan (121.98.84.183:49353) connected
[2024-10-22 19:19:56] BattlEye Print: Player #0 Kegan - BE GUID: 2dca74f515f490cfa9b11f70cf587abf
[2024-10-22 19:19:56] Connecting: PlayerID: 76561199228903792 Name: Kegan Character: Kegan
[2024-10-22 19:19:56] Sending verification request to queued player 76561198852986574[0] "MasterNickTicklesYou"
[2024-10-22 19:19:56] Received authentication request from queued player 76561198852986574[0] "MasterNickTicklesYou"
[2024-10-22 19:19:56] Submitted Steam authentication request for queued player 76561198852986574[0] "MasterNickTicklesYou"
[2024-10-22 19:19:57] BattlEye Print: Connected to BE Master
[2024-10-22 19:19:57] Accepting queued player 76561198852986574[0] "MasterNickTicklesYou"
[2024-10-22 19:19:57] BattlEye Print: Player #1 MasterNickTicklesYou (67.180.134.217:56821) connected
[2024-10-22 19:19:57] BattlEye Print: Player #1 MasterNickTicklesYou - BE GUID: 8eefa51ca05503b871601a5b8aa471d7
[2024-10-22 19:19:57] Connecting: PlayerID: 76561198852986574 Name: MasterNickTicklesYou Character: juk876roblox
[2024-10-22 19:20:18] Successfully saved the game.
[2024-10-22 19:20:59] Added 76561198384818207[0] "THE COMBAT CROWBAR" to queue position 0 (shouldVerify: True)
[2024-10-22 19:20:59] Sending verification request to queued player 76561198384818207[0] "THE COMBAT CROWBAR"
[2024-10-22 19:20:59] Received authentication request from queued player 76561198384818207[0] "THE COMBAT CROWBAR"
[2024-10-22 19:20:59] Submitted Steam authentication request for queued player 76561198384818207[0] "THE COMBAT CROWBAR"
[2024-10-22 19:21:01] Accepting queued player 76561198384818207[0] "THE COMBAT CROWBAR"
[2024-10-22 19:21:01] BattlEye Print: Player #2 THE COMBAT CROWBAR (166.1.121.38:54900) connected
[2024-10-22 19:21:01] BattlEye Print: Player #2 THE COMBAT CROWBAR - BE GUID: 894ba6d22c4931dede9bfb2ad94d21ca
[2024-10-22 19:21:01] Connecting: PlayerID: 76561198384818207 Name: THE COMBAT CROWBAR Character: Wild Will
[2024-10-22 19:21:19] Added 76561198324934537[0] "Praise The Lord" to queue position 0 (shouldVerify: True)
[2024-10-22 19:21:19] Sending verification request to queued player 76561198324934537[0] "Praise The Lord"
[2024-10-22 19:21:19] Received authentication request from queued player 76561198324934537[0] "Praise The Lord"
[2024-10-22 19:21:19] Submitted Steam authentication request for queued player 76561198324934537[0] "Praise The Lord"
[2024-10-22 19:21:19] Submitted Steam group request for queued player 76561198324934537[0] "Praise The Lord"
[2024-10-22 19:21:21] Accepting queued player 76561198324934537[0] "Praise The Lord"
[2024-10-22 19:21:21] BattlEye Print: Player #3 Praise The Lord (1.53.114.237:2995) connected
[2024-10-22 19:21:21] BattlEye Print: Player #3 Praise The Lord - BE GUID: 0d08db66bd7903f8e5662068f0e512f1
[2024-10-22 19:21:21] Connecting: PlayerID: 76561198324934537 Name: Praise The Lord Character: Praise The Lord
[2024-10-22 19:21:47] Added 76561198374777512[0] "Sandy Cheeks" to queue position 0 (shouldVerify: True)
[2024-10-22 19:21:47] Sending verification request to queued player 76561198374777512[0] "Sandy Cheeks"
[2024-10-22 19:21:47] Received authentication request from queued player 76561198374777512[0] "Sandy Cheeks"
[2024-10-22 19:21:47] Submitted Steam authentication request for queued player 76561198374777512[0] "Sandy Cheeks"
[2024-10-22 19:21:47] Submitted Steam group request for queued player 76561198374777512[0] "Sandy Cheeks"
[2024-10-22 19:21:48] Accepting queued player 76561198374777512[0] "Sandy Cheeks"
[2024-10-22 19:21:48] BattlEye Print: Player #4 Sandy Cheeks (207.254.164.44:63954) connected
[2024-10-22 19:21:48] BattlEye Print: Player #4 Sandy Cheeks - BE GUID: 47175d21e7f95e68f2d64310303366dd
[2024-10-22 19:21:48] Connecting: PlayerID: 76561198374777512 Name: Sandy Cheeks Character: LampShade
[2024-10-22 19:23:53] Added 76561198988597068[0] "ganont" to queue position 0 (shouldVerify: True)
[2024-10-22 19:23:53] Sending verification request to queued player 76561198988597068[0] "ganont"
[2024-10-22 19:23:54] Received authentication request from queued player 76561198988597068[0] "ganont"
[2024-10-22 19:23:54] Submitted Steam authentication request for queued player 76561198988597068[0] "ganont"
[2024-10-22 19:23:55] Accepting queued player 76561198988597068[0] "ganont"
[2024-10-22 19:23:55] BattlEye Print: Player #5 ganont (73.96.210.159:61462) connected
[2024-10-22 19:23:55] BattlEye Print: Player #5 ganont - BE GUID: 6a3bb538796267a315830622e6cb8dd8
[2024-10-22 19:23:55] Connecting: PlayerID: 76561198988597068 Name: ganont Character: ganont
[2024-10-22 19:25:49] Removing player steamid:76561199228903792 after graceful disconnect message
[2024-10-22 19:25:49] Disconnecting: PlayerID: 76561199228903792 Name: Kegan Character: Kegan
[2024-10-22 19:25:49] BattlEye Print: Player #0 Kegan disconnected
[2024-10-22 19:28:03] Added 76561198042801369[0] "clem" to queue position 0 (shouldVerify: True)
[2024-10-22 19:28:03] Sending verification request to queued player 76561198042801369[0] "clem"
[2024-10-22 19:28:03] Received authentication request from queued player 76561198042801369[0] "clem"
[2024-10-22 19:28:03] Submitted Steam authentication request for queued player 76561198042801369[0] "clem"
[2024-10-22 19:28:03] Submitted Steam group request for queued player 76561198042801369[0] "clem"
[2024-10-22 19:28:04] Accepting queued player 76561198042801369[0] "clem"
[2024-10-22 19:28:04] BattlEye Print: Player #6 clem (72.74.187.219:61895) connected
[2024-10-22 19:28:04] BattlEye Print: Player #6 clem - BE GUID: cabbc0a57f5a2605a8cb1270bdd6c17c
[2024-10-22 19:28:04] Connecting: PlayerID: 76561198042801369 Name: clem Character: Clem
[2024-10-22 19:29:07] Added 76561199228903792[0] "Kegan" to queue position 0 (shouldVerify: True)
[2024-10-22 19:29:07] Sending verification request to queued player 76561199228903792[0] "Kegan"
[2024-10-22 19:29:07] Received authentication request from queued player 76561199228903792[0] "Kegan"
[2024-10-22 19:29:07] Submitted Steam authentication request for queued player 76561199228903792[0] "Kegan"
[2024-10-22 19:29:08] Accepting queued player 76561199228903792[0] "Kegan"
[2024-10-22 19:29:08] BattlEye Print: Player #7 Kegan (121.98.84.183:49361) connected
[2024-10-22 19:29:08] BattlEye Print: Player #7 Kegan - BE GUID: 2dca74f515f490cfa9b11f70cf587abf
[2024-10-22 19:29:08] Connecting: PlayerID: 76561199228903792 Name: Kegan Character: Kegan
[2024-10-22 19:30:24] Successfully saved the game.
[2024-10-22 19:31:23] Added 76561198228549580[0] "LuigiAndPug420" to queue position 0 (shouldVerify: True)
[2024-10-22 19:31:23] Sending verification request to queued player 76561198228549580[0] "LuigiAndPug420"
[2024-10-22 19:31:23] Received authentication request from queued player 76561198228549580[0] "LuigiAndPug420"
[2024-10-22 19:31:23] Submitted Steam authentication request for queued player 76561198228549580[0] "LuigiAndPug420"
[2024-10-22 19:31:24] Accepting queued player 76561198228549580[0] "LuigiAndPug420"
[2024-10-22 19:31:24] BattlEye Print: Player #8 LuigiAndPug420 (174.72.28.181:53699) connected
[2024-10-22 19:31:24] BattlEye Print: Player #8 LuigiAndPug420 - BE GUID: 038005319b2693679a3849304733ab25
[2024-10-22 19:31:24] Connecting: PlayerID: 76561198228549580 Name: LuigiAndPug420 Character: Luigi420
[2024-10-22 19:31:57] Added 76561198439916307[0] "guidokleiberg1" to queue position 0 (shouldVerify: True)
[2024-10-22 19:31:57] Sending verification request to queued player 76561198439916307[0] "guidokleiberg1"
[2024-10-22 19:31:57] Received authentication request from queued player 76561198439916307[0] "guidokleiberg1"
[2024-10-22 19:31:57] Submitted Steam authentication request for queued player 76561198439916307[0] "guidokleiberg1"
[2024-10-22 19:31:59] Accepting queued player 76561198439916307[0] "guidokleiberg1"
[2024-10-22 19:31:59] BattlEye Print: Player #9 guidokleiberg1 (85.146.10.204:63718) connected
[2024-10-22 19:31:59] BattlEye Print: Player #9 guidokleiberg1 - BE GUID: 3eebf5f7c765c25152d10062d051500a
[2024-10-22 19:31:59] Connecting: PlayerID: 76561198439916307 Name: guidokleiberg1 Character: guidokleiberg1
[2024-10-22 19:33:11] Weather DefaultRain starting for 976.8267 seconds
[2024-10-22 19:33:51] Removing player steamid:76561198439916307 after graceful disconnect message
[2024-10-22 19:33:51] Disconnecting: PlayerID: 76561198439916307 Name: guidokleiberg1 Character: guidokleiberg1
[2024-10-22 19:33:51] BattlEye Print: Player #9 guidokleiberg1 disconnected
[2024-10-22 19:40:26] Successfully saved the game.
[2024-10-22 19:49:28] Weather DefaultRain ending
[2024-10-22 19:49:28] Weather HeavyRain forecast in 4814.813 seconds
[2024-10-22 19:49:31] Removing player steamid:76561199228903792 after graceful disconnect message
[2024-10-22 19:49:31] Disconnecting: PlayerID: 76561199228903792 Name: Kegan Character: Kegan
[2024-10-22 19:49:31] BattlEye Print: Player #7 Kegan disconnected
[2024-10-22 19:50:12] Successfully saved the game.
[2024-10-22 19:53:57] Removing player steamid:76561198374777512 after graceful disconnect message
[2024-10-22 19:53:57] Disconnecting: PlayerID: 76561198374777512 Name: Sandy Cheeks Character: LampShade
[2024-10-22 19:53:57] BattlEye Print: Player #4 Sandy Cheeks disconnected
[2024-10-22 20:00:17] Successfully saved the game.
[2024-10-22 20:01:23] Incremented date counter: 121
[2024-10-22 20:10:13] Added 76561199782048439[0] "shustore" to queue position 0 (shouldVerify: True)
[2024-10-22 20:10:13] Sending verification request to queued player 76561199782048439[0] "shustore"
[2024-10-22 20:10:13] Received authentication request from queued player 76561199782048439[0] "shustore"
[2024-10-22 20:10:13] Submitted Steam authentication request for queued player 76561199782048439[0] "shustore"
[2024-10-22 20:10:14] Accepting queued player 76561199782048439[0] "shustore"
[2024-10-22 20:10:14] BattlEye Print: Player #9 shustore (24.125.110.146:50388) connected
[2024-10-22 20:10:14] BattlEye Print: Player #9 shustore - BE GUID: 30fd7b390dc79d26d8adb5cd020ce127
[2024-10-22 20:10:14] Connecting: PlayerID: 76561199782048439 Name: shustore Character: shustore
[2024-10-22 20:10:22] Successfully saved the game.
[2024-10-22 20:10:41] Added 76561198097206945[0] "alexkucher82" to queue position 0 (shouldVerify: True)
[2024-10-22 20:10:41] Sending verification request to queued player 76561198097206945[0] "alexkucher82"
[2024-10-22 20:10:42] Received authentication request from queued player 76561198097206945[0] "alexkucher82"
[2024-10-22 20:10:42] Submitted Steam authentication request for queued player 76561198097206945[0] "alexkucher82"
[2024-10-22 20:10:43] Accepting queued player 76561198097206945[0] "alexkucher82"
[2024-10-22 20:10:43] BattlEye Print: Player #10 alexkucher82 (192.166.202.47:52110) connected
[2024-10-22 20:10:43] BattlEye Print: Player #10 alexkucher82 - BE GUID: 88a6af95c0207372cc08d7dc16d05da1
[2024-10-22 20:10:43] Connecting: PlayerID: 76561198097206945 Name: alexkucher82 Character: kebab
[2024-10-22 20:11:28] Added 76561198273751436[0] "orange stop scouting" to queue position 0 (shouldVerify: True)
[2024-10-22 20:11:28] Sending verification request to queued player 76561198273751436[0] "orange stop scouting"
[2024-10-22 20:11:28] Received authentication request from queued player 76561198273751436[0] "orange stop scouting"
[2024-10-22 20:11:28] Submitted Steam authentication request for queued player 76561198273751436[0] "orange stop scouting"
[2024-10-22 20:11:29] Accepting queued player 76561198273751436[0] "orange stop scouting"
[2024-10-22 20:11:29] BattlEye Print: Player #11 orange stop scouting (75.249.115.173:54656) connected
[2024-10-22 20:11:29] BattlEye Print: Player #11 orange stop scouting - BE GUID: f9603751ee8a5140527120bc87d80861
[2024-10-22 20:11:29] Connecting: PlayerID: 76561198273751436 Name: orange stop scouting Character: olek
[2024-10-22 20:20:27] Successfully saved the game.
[2024-10-22 20:22:06] Removing player steamid:76561198097206945 due to transport failure (ClosedByPeer Reason: 2999 Message: "Application closed connection")
[2024-10-22 20:22:06] Disconnecting: PlayerID: 76561198097206945 Name: alexkucher82 Character: kebab
[2024-10-22 20:22:06] BattlEye Print: Player #10 alexkucher82 disconnected
[2024-10-22 20:30:12] Successfully saved the game.
[2024-10-22 20:40:17] Successfully saved the game.
[2024-10-22 20:46:16] Added 76561198166043286[0] "Rigbone" to queue position 0 (shouldVerify: True)
[2024-10-22 20:46:16] Sending verification request to queued player 76561198166043286[0] "Rigbone"
[2024-10-22 20:46:16] Received authentication request from queued player 76561198166043286[0] "Rigbone"
[2024-10-22 20:46:16] Submitted Steam authentication request for queued player 76561198166043286[0] "Rigbone"
[2024-10-22 20:46:16] Submitted Steam group request for queued player 76561198166043286[0] "Rigbone"
[2024-10-22 20:46:17] Accepting queued player 76561198166043286[0] "Rigbone"
[2024-10-22 20:46:17] BattlEye Print: Player #12 Rigbone (73.157.85.166:59008) connected
[2024-10-22 20:46:17] BattlEye Print: Player #12 Rigbone - BE GUID: d880ec24dcb990d615a05eaafb0766a5
[2024-10-22 20:46:17] Connecting: PlayerID: 76561198166043286 Name: Rigbone Character: Rigbone
[2024-10-22 20:48:31] 76561198166043286[0] "Rigbone" turned on spectator stats overlay admin mode
[2024-10-22 20:50:01] Failed to find anyone called WP.
[2024-10-22 20:50:04] Successfully teleported Rigbone to waypoint!
[2024-10-22 20:50:24] Successfully saved the game.
[2024-10-22 20:51:26] Failed to find anyone called bed.
[2024-10-22 20:52:35] Added 76561198345503178[0] "lijahhh" to queue position 0 (shouldVerify: True)
[2024-10-22 20:52:35] Sending verification request to queued player 76561198345503178[0] "lijahhh"
[2024-10-22 20:52:35] Received authentication request from queued player 76561198345503178[0] "lijahhh"
[2024-10-22 20:52:35] Submitted Steam authentication request for queued player 76561198345503178[0] "lijahhh"
[2024-10-22 20:52:37] Accepting queued player 76561198345503178[0] "lijahhh"
[2024-10-22 20:52:37] BattlEye Print: Player #13 lijahhh (35.3.86.203:50477) connected
[2024-10-22 20:52:37] BattlEye Print: Player #13 lijahhh - BE GUID: 57e8b584a967ac09802229d1ad6acf16
[2024-10-22 20:52:37] Connecting: PlayerID: 76561198345503178 Name: lijahhh Character: merch
[2024-10-22 20:52:52] 76561198166043286[0] "Rigbone" entered freecam admin mode
[2024-10-22 20:53:00] 76561198166043286[0] "Rigbone" exited freecam admin mode
[2024-10-22 20:54:26] 76561198166043286[0] "Rigbone" entered freecam admin mode
[2024-10-22 20:54:52] 76561198166043286[0] "Rigbone" exited freecam admin mode
[2024-10-22 20:57:09] 76561198166043286[0] "Rigbone" turned off spectator stats overlay admin mode
[2024-10-22 20:57:10] 76561198166043286[0] "Rigbone" turned on spectator stats overlay admin mode
[2024-10-22 20:57:46] Successfully taking a screenshot of THE COMBAT CROWBAR.
[2024-10-22 20:57:50] 76561198166043286[0] "Rigbone" entered freecam admin mode
[2024-10-22 20:58:02] 76561198166043286[0] "Rigbone" exited freecam admin mode
[2024-10-22 20:58:04] 76561198166043286[0] "Rigbone" entered freecam admin mode
[2024-10-22 20:58:17] 76561198166043286[0] "Rigbone" exited freecam admin mode
[2024-10-22 20:58:18] 76561198166043286[0] "Rigbone" entered freecam admin mode
[2024-10-22 20:59:02] 76561198166043286[0] "Rigbone" exited freecam admin mode
[2024-10-22 20:59:03] 76561198166043286[0] "Rigbone" entered freecam admin mode
[2024-10-22 20:59:09] Successfully taking a screenshot of THE COMBAT CROWBAR.
[2024-10-22 20:59:24] 76561198166043286[0] "Rigbone" exited freecam admin mode
[2024-10-22 21:00:27] Successfully saved the game.
[2024-10-22 21:01:23] Incremented date counter: 122
[2024-10-22 21:02:55] Added 76561199116650111[0] "xXShadow_BladeXx" to queue position 0 (shouldVerify: True)
[2024-10-22 21:02:55] Sending verification request to queued player 76561199116650111[0] "xXShadow_BladeXx"
[2024-10-22 21:02:58] Received authentication request from queued player 76561199116650111[0] "xXShadow_BladeXx"
[2024-10-22 21:02:58] Submitted Steam authentication request for queued player 76561199116650111[0] "xXShadow_BladeXx"
[2024-10-22 21:02:59] Accepting queued player 76561199116650111[0] "xXShadow_BladeXx"
[2024-10-22 21:02:59] BattlEye Print: Player #14 xXShadow_BladeXx (190.120.253.57:62128) connected
[2024-10-22 21:02:59] BattlEye Print: Player #14 xXShadow_BladeXx - BE GUID: bd3e5ff17388c5e8e8d99140a8bea357
[2024-10-22 21:02:59] Connecting: PlayerID: 76561199116650111 Name: xXShadow_BladeXx Character: toronto
[2024-10-22 21:03:32] Added 76561199507300324[0] "aleksa.aleksic23a" to queue position 0 (shouldVerify: True)
[2024-10-22 21:03:32] Sending verification request to queued player 76561199507300324[0] "aleksa.aleksic23a"
[2024-10-22 21:03:32] Received authentication request from queued player 76561199507300324[0] "aleksa.aleksic23a"
[2024-10-22 21:03:32] Submitted Steam authentication request for queued player 76561199507300324[0] "aleksa.aleksic23a"
[2024-10-22 21:03:33] Accepting queued player 76561199507300324[0] "aleksa.aleksic23a"
[2024-10-22 21:03:33] BattlEye Print: Player #15 aleksa.aleksic23a (185.37.27.144:21844) connected
[2024-10-22 21:03:33] BattlEye Print: Player #15 aleksa.aleksic23a - BE GUID: f8a3d965e73499c791ccb4767be0ec09
[2024-10-22 21:03:33] Connecting: PlayerID: 76561199507300324 Name: aleksa.aleksic23a Character: Aleksa
[2024-10-22 21:04:07] Removing player steamid:76561199507300324 after graceful disconnect message
[2024-10-22 21:04:07] Disconnecting: PlayerID: 76561199507300324 Name: aleksa.aleksic23a Character: Aleksa
[2024-10-22 21:04:07] BattlEye Print: Player #15 aleksa.aleksic23a disconnected
